[0.000000] (-) TimerEvent: {}
[0.000135] (mpu6050) JobQueued: {'identifier': 'mpu6050', 'dependencies': OrderedDict()}
[0.000194] (mpu6050) JobStarted: {'identifier': 'mpu6050'}
[0.010013] (mpu6050) JobProgress: {'identifier': 'mpu6050', 'progress': 'cmake'}
[0.010331] (mpu6050) Command: {'cmd': ['/usr/bin/cmake', '/home/rpizero2w_ubuntu_clone/workspace/src/mpu6050', '-DCMAKE_INSTALL_PREFIX=/home/rpizero2w_ubuntu_clone/workspace/src/install/mpu6050'], 'cwd': '/home/rpizero2w_ubuntu_clone/workspace/src/build/mpu6050', 'env': OrderedDict([('HOSTNAME', 'phoenix'), ('SHLVL', '1'), ('HOME', '/home/docker'), ('OLDPWD', '/home/rpizero2w_ubuntu_clone/workspace'), ('COLORTERM', 'truecolor'), ('_', '/usr/bin/colcon'), ('TERM', 'xterm-256color'), ('DEBUG_COLORS', 'true'), ('PATH', '/usr/local/sbin:/usr/local/bin:/usr/sbin:/usr/bin:/sbin:/bin'), ('DISPLAY', ':1'), ('LANG', 'en_US.UTF-8'), ('DEBIAN_FRONTEND', 'noninteractive'), ('PWD', '/home/rpizero2w_ubuntu_clone/workspace/src/build/mpu6050'), ('LC_ALL', 'en_US.UTF-8'), ('COLCON', '1')]), 'shell': False}
[0.061051] (mpu6050) StdoutLine: {'line': b'-- The C compiler identification is GNU 11.4.0\n'}
[0.099625] (-) TimerEvent: {}
[0.102370] (mpu6050) StdoutLine: {'line': b'-- The CXX compiler identification is GNU 11.4.0\n'}
[0.108693] (mpu6050) StdoutLine: {'line': b'-- Detecting C compiler ABI info\n'}
[0.147234] (mpu6050) StdoutLine: {'line': b'-- Detecting C compiler ABI info - done\n'}
[0.153693] (mpu6050) StdoutLine: {'line': b'-- Check for working C compiler: /usr/bin/cc - skipped\n'}
[0.154300] (mpu6050) StdoutLine: {'line': b'-- Detecting C compile features\n'}
[0.154867] (mpu6050) StdoutLine: {'line': b'-- Detecting C compile features - done\n'}
[0.157177] (mpu6050) StdoutLine: {'line': b'-- Detecting CXX compiler ABI info\n'}
[0.199020] (mpu6050) StdoutLine: {'line': b'-- Detecting CXX compiler ABI info - done\n'}
[0.199719] (-) TimerEvent: {}
[0.203079] (mpu6050) StdoutLine: {'line': b'-- Check for working CXX compiler: /usr/bin/c++ - skipped\n'}
[0.203149] (mpu6050) StdoutLine: {'line': b'-- Detecting CXX compile features\n'}
[0.203391] (mpu6050) StdoutLine: {'line': b'-- Detecting CXX compile features - done\n'}
[0.207413] (mpu6050) StdoutLine: {'line': b'-- Configuring incomplete, errors occurred!\n'}
[0.207484] (mpu6050) StdoutLine: {'line': b'See also "/home/rpizero2w_ubuntu_clone/workspace/src/build/mpu6050/CMakeFiles/CMakeOutput.log".\n'}
[0.207520] (mpu6050) StderrLine: {'line': b'\x1b[31mCMake Error at CMakeLists.txt:9 (find_package):\n'}
[0.207556] (mpu6050) StderrLine: {'line': b'  By not providing "Findament_cmake.cmake" in CMAKE_MODULE_PATH this project\n'}
[0.207581] (mpu6050) StderrLine: {'line': b'  has asked CMake to find a package configuration file provided by\n'}
[0.207603] (mpu6050) StderrLine: {'line': b'  "ament_cmake", but CMake did not find one.\n'}
[0.207624] (mpu6050) StderrLine: {'line': b'\n'}
[0.207648] (mpu6050) StderrLine: {'line': b'  Could not find a package configuration file provided by "ament_cmake" with\n'}
[0.207673] (mpu6050) StderrLine: {'line': b'  any of the following names:\n'}
[0.207695] (mpu6050) StderrLine: {'line': b'\n'}
[0.207716] (mpu6050) StderrLine: {'line': b'    ament_cmakeConfig.cmake\n'}
[0.207739] (mpu6050) StderrLine: {'line': b'    ament_cmake-config.cmake\n'}
[0.207761] (mpu6050) StderrLine: {'line': b'\n'}
[0.207783] (mpu6050) StderrLine: {'line': b'  Add the installation prefix of "ament_cmake" to CMAKE_PREFIX_PATH or set\n'}
[0.207804] (mpu6050) StderrLine: {'line': b'  "ament_cmake_DIR" to a directory containing one of the above files.  If\n'}
[0.207826] (mpu6050) StderrLine: {'line': b'  "ament_cmake" provides a separate development package or SDK, be sure it\n'}
[0.207846] (mpu6050) StderrLine: {'line': b'  has been installed.\n'}
[0.207867] (mpu6050) StderrLine: {'line': b'\n'}
[0.207888] (mpu6050) StderrLine: {'line': b'\x1b[0m\n'}
[0.209222] (mpu6050) CommandEnded: {'returncode': 1}
[0.227410] (mpu6050) JobEnded: {'identifier': 'mpu6050', 'rc': 1}
[0.237784] (-) EventReactorShutdown: {}
