[0.000000] (-) TimerEvent: {}
[0.000082] (-) JobUnselected: {'identifier': 'cpp_pubsub'}
[0.000099] (mpu6050) JobQueued: {'identifier': 'mpu6050', 'dependencies': OrderedDict()}
[0.000111] (mpu6050) JobStarted: {'identifier': 'mpu6050'}
[0.023704] (mpu6050) JobProgress: {'identifier': 'mpu6050', 'progress': 'cmake'}
[0.024316] (mpu6050) JobProgress: {'identifier': 'mpu6050', 'progress': 'build'}
[0.024491] (mpu6050) Command: {'cmd': ['/usr/bin/cmake', '--build', '/home/docker/rpizero2w_ubuntu_dev/workspace/src/build/mpu6050', '--', '-j20', '-l20'], 'cwd': '/home/docker/rpizero2w_ubuntu_dev/workspace/src/build/mpu6050', 'env': OrderedDict([('HOSTNAME', 'phoenix'), ('GIT_ASKPASS', '/home/docker/.vscode-server/bin/0ee08df0cf4527e40edc9aa28f4b5bd38bbff2b2/extensions/git/dist/askpass.sh'), ('SHLVL', '2'), ('LD_LIBRARY_PATH', '/opt/ros/humble/lib/x86_64-linux-gnu:/opt/ros/humble/lib'), ('BROWSER', '/home/docker/.vscode-server/bin/0ee08df0cf4527e40edc9aa28f4b5bd38bbff2b2/bin/helpers/browser.sh'), ('HOME', '/home/docker'), ('OLDPWD', '/home/docker/rpizero2w_ubuntu_dev/workspace'), ('TERM_PROGRAM_VERSION', '1.85.1'), ('VSCODE_IPC_HOOK_CLI', '/tmp/vscode-ipc-521b6d25-02ae-4cfd-a9a1-5d0de76a0501.sock'), ('ROS_PYTHON_VERSION', '3'), ('VSCODE_GIT_ASKPASS_MAIN', '/home/docker/.vscode-server/bin/0ee08df0cf4527e40edc9aa28f4b5bd38bbff2b2/extensions/git/dist/askpass-main.js'), ('VSCODE_GIT_ASKPASS_NODE', '/home/docker/.vscode-server/bin/0ee08df0cf4527e40edc9aa28f4b5bd38bbff2b2/node'), ('COLORTERM', 'truecolor'), ('REMOTE_CONTAINERS', 'true'), ('COLCON_PREFIX_PATH', '/home/docker/rpizero2w_ubuntu_dev/workspace/src/install'), ('ROS_DISTRO', 'humble'), ('REMOTE_CONTAINERS_IPC', '/tmp/vscode-remote-containers-ipc-9144bcc4-66d7-4a9e-93b7-46b092b6e30f.sock'), ('_', '/usr/bin/colcon'), ('ROS_VERSION', '2'), ('TERM', 'xterm-256color'), ('DEBUG_COLORS', 'true'), ('ROS_LOCALHOST_ONLY', '0'), ('PATH', '/opt/ros/humble/bin:/home/docker/.vscode-server/bin/0ee08df0cf4527e40edc9aa28f4b5bd38bbff2b2/bin/remote-cli:/usr/local/sbin:/usr/local/bin:/usr/sbin:/usr/bin:/sbin:/bin:/snap/bin'), ('REMOTE_CONTAINERS_SOCKETS', '["/tmp/vscode-ssh-auth-9144bcc4-66d7-4a9e-93b7-46b092b6e30f.sock","/tmp/.X11-unix/X2","/home/docker/.gnupg/S.gpg-agent"]'), ('DISPLAY', ':1'), ('LANG', 'en_US.UTF-8'), ('VSCODE_GIT_IPC_HANDLE', '/tmp/vscode-git-5a0ba3ea8a.sock'), ('TERM_PROGRAM', 'vscode'), ('SSH_AUTH_SOCK', '/tmp/vscode-ssh-auth-9144bcc4-66d7-4a9e-93b7-46b092b6e30f.sock'), ('AMENT_PREFIX_PATH', '/home/docker/rpizero2w_ubuntu_dev/workspace/src/install/cpp_pubsub:/opt/ros/humble'), ('DEBIAN_FRONTEND', 'noninteractive'), ('REMOTE_CONTAINERS_DISPLAY_SOCK', '/tmp/.X11-unix/X2'), ('SHELL', '/bin/bash'), ('VSCODE_GIT_ASKPASS_EXTRA_ARGS', ''), ('PWD', '/home/docker/rpizero2w_ubuntu_dev/workspace/src/build/mpu6050'), ('LC_ALL', 'en_US.UTF-8'), ('XDG_DATA_DIRS', '/usr/local/share:/usr/share:/var/lib/snapd/desktop'), ('PYTHONPATH', '/opt/ros/humble/lib/python3.10/site-packages:/opt/ros/humble/local/lib/python3.10/dist-packages'), ('COLCON', '1'), ('CMAKE_PREFIX_PATH', '/home/docker/rpizero2w_ubuntu_dev/workspace/src/install/cpp_pubsub:/opt/ros/humble')]), 'shell': False}
[0.039633] (mpu6050) StdoutLine: {'line': b'-- Found ament_cmake: 1.3.6 (/opt/ros/humble/share/ament_cmake/cmake)\n'}
[0.099619] (-) TimerEvent: {}
[0.117687] (mpu6050) StdoutLine: {'line': b'-- Found rclcpp: 16.0.7 (/opt/ros/humble/share/rclcpp/cmake)\n'}
[0.132204] (mpu6050) StdoutLine: {'line': b'-- Found rosidl_generator_c: 3.1.5 (/opt/ros/humble/share/rosidl_generator_c/cmake)\n'}
[0.133469] (mpu6050) StdoutLine: {'line': b'-- Found rosidl_adapter: 3.1.5 (/opt/ros/humble/share/rosidl_adapter/cmake)\n'}
[0.136890] (mpu6050) StdoutLine: {'line': b'-- Found rosidl_generator_cpp: 3.1.5 (/opt/ros/humble/share/rosidl_generator_cpp/cmake)\n'}
[0.142593] (mpu6050) StdoutLine: {'line': b'-- Using all available rosidl_typesupport_c: rosidl_typesupport_fastrtps_c;rosidl_typesupport_introspection_c\n'}
[0.150883] (mpu6050) StdoutLine: {'line': b'-- Using all available rosidl_typesupport_cpp: rosidl_typesupport_fastrtps_cpp;rosidl_typesupport_introspection_cpp\n'}
[0.183521] (mpu6050) StdoutLine: {'line': b'-- Found rmw_implementation_cmake: 6.1.1 (/opt/ros/humble/share/rmw_implementation_cmake/cmake)\n'}
[0.184340] (mpu6050) StdoutLine: {'line': b'-- Found rmw_fastrtps_cpp: 6.2.5 (/opt/ros/humble/share/rmw_fastrtps_cpp/cmake)\n'}
[0.199680] (-) TimerEvent: {}
[0.239628] (mpu6050) StdoutLine: {'line': b"-- Using RMW implementation 'rmw_fastrtps_cpp' as default\n"}
[0.299920] (-) TimerEvent: {}
[0.329388] (mpu6050) StdoutLine: {'line': b'-- Found geometry_msgs: 4.2.3 (/opt/ros/humble/share/geometry_msgs/cmake)\n'}
[0.354167] (mpu6050) StdoutLine: {'line': b'-- Found tf2: 0.25.5 (/opt/ros/humble/share/tf2/cmake)\n'}
[0.358597] (mpu6050) StdoutLine: {'line': b'-- Found tf2_ros: 0.25.5 (/opt/ros/humble/share/tf2_ros/cmake)\n'}
[0.400133] (-) TimerEvent: {}
[0.500413] (-) TimerEvent: {}
[0.548184] (mpu6050) StdoutLine: {'line': b'-- Found ament_lint_auto: 0.12.9 (/opt/ros/humble/share/ament_lint_auto/cmake)\n'}
[0.587056] (mpu6050) StdoutLine: {'line': b"-- Added test 'cppcheck' to perform static code analysis on C / C++ code\n"}
[0.587193] (mpu6050) StdoutLine: {'line': b'-- Configured cppcheck include dirs: /home/docker/rpizero2w_ubuntu_dev/workspace/src/mpu6050/include\n'}
[0.587259] (mpu6050) StdoutLine: {'line': b'-- Configured cppcheck exclude dirs and/or files: \n'}
[0.587420] (mpu6050) StdoutLine: {'line': b"-- Added test 'lint_cmake' to check CMake code style\n"}
[0.587767] (mpu6050) StdoutLine: {'line': b"-- Added test 'uncrustify' to check C / C++ code style\n"}
[0.587896] (mpu6050) StdoutLine: {'line': b'-- Configured uncrustify additional arguments: \n'}
[0.588060] (mpu6050) StdoutLine: {'line': b"-- Added test 'xmllint' to check XML markup files\n"}
[0.588421] (mpu6050) StdoutLine: {'line': b'-- Configuring done\n'}
[0.594474] (mpu6050) StdoutLine: {'line': b'-- Generating done\n'}
[0.595283] (mpu6050) StdoutLine: {'line': b'-- Build files have been written to: /home/docker/rpizero2w_ubuntu_dev/workspace/src/build/mpu6050\n'}
[0.600574] (-) TimerEvent: {}
[0.608448] (mpu6050) StdoutLine: {'line': b'\x1b[35m\x1b[1mConsolidate compiler generated dependencies of target mpu_6050_pub\x1b[0m\n'}
[0.619411] (mpu6050) StdoutLine: {'line': b'[ 33%] \x1b[32m\x1b[1mLinking CXX executable mpu_6050_pub\x1b[0m\n'}
[0.700822] (-) TimerEvent: {}
[0.726389] (mpu6050) StdoutLine: {'line': b'[100%] Built target mpu_6050_pub\n'}
[0.732608] (mpu6050) CommandEnded: {'returncode': 0}
[0.744754] (mpu6050) JobProgress: {'identifier': 'mpu6050', 'progress': 'install'}
[0.749183] (mpu6050) Command: {'cmd': ['/usr/bin/cmake', '--install', '/home/docker/rpizero2w_ubuntu_dev/workspace/src/build/mpu6050'], 'cwd': '/home/docker/rpizero2w_ubuntu_dev/workspace/src/build/mpu6050', 'env': OrderedDict([('HOSTNAME', 'phoenix'), ('GIT_ASKPASS', '/home/docker/.vscode-server/bin/0ee08df0cf4527e40edc9aa28f4b5bd38bbff2b2/extensions/git/dist/askpass.sh'), ('SHLVL', '2'), ('LD_LIBRARY_PATH', '/opt/ros/humble/lib/x86_64-linux-gnu:/opt/ros/humble/lib'), ('BROWSER', '/home/docker/.vscode-server/bin/0ee08df0cf4527e40edc9aa28f4b5bd38bbff2b2/bin/helpers/browser.sh'), ('HOME', '/home/docker'), ('OLDPWD', '/home/docker/rpizero2w_ubuntu_dev/workspace'), ('TERM_PROGRAM_VERSION', '1.85.1'), ('VSCODE_IPC_HOOK_CLI', '/tmp/vscode-ipc-521b6d25-02ae-4cfd-a9a1-5d0de76a0501.sock'), ('ROS_PYTHON_VERSION', '3'), ('VSCODE_GIT_ASKPASS_MAIN', '/home/docker/.vscode-server/bin/0ee08df0cf4527e40edc9aa28f4b5bd38bbff2b2/extensions/git/dist/askpass-main.js'), ('VSCODE_GIT_ASKPASS_NODE', '/home/docker/.vscode-server/bin/0ee08df0cf4527e40edc9aa28f4b5bd38bbff2b2/node'), ('COLORTERM', 'truecolor'), ('REMOTE_CONTAINERS', 'true'), ('COLCON_PREFIX_PATH', '/home/docker/rpizero2w_ubuntu_dev/workspace/src/install'), ('ROS_DISTRO', 'humble'), ('REMOTE_CONTAINERS_IPC', '/tmp/vscode-remote-containers-ipc-9144bcc4-66d7-4a9e-93b7-46b092b6e30f.sock'), ('_', '/usr/bin/colcon'), ('ROS_VERSION', '2'), ('TERM', 'xterm-256color'), ('DEBUG_COLORS', 'true'), ('ROS_LOCALHOST_ONLY', '0'), ('PATH', '/opt/ros/humble/bin:/home/docker/.vscode-server/bin/0ee08df0cf4527e40edc9aa28f4b5bd38bbff2b2/bin/remote-cli:/usr/local/sbin:/usr/local/bin:/usr/sbin:/usr/bin:/sbin:/bin:/snap/bin'), ('REMOTE_CONTAINERS_SOCKETS', '["/tmp/vscode-ssh-auth-9144bcc4-66d7-4a9e-93b7-46b092b6e30f.sock","/tmp/.X11-unix/X2","/home/docker/.gnupg/S.gpg-agent"]'), ('DISPLAY', ':1'), ('LANG', 'en_US.UTF-8'), ('VSCODE_GIT_IPC_HANDLE', '/tmp/vscode-git-5a0ba3ea8a.sock'), ('TERM_PROGRAM', 'vscode'), ('SSH_AUTH_SOCK', '/tmp/vscode-ssh-auth-9144bcc4-66d7-4a9e-93b7-46b092b6e30f.sock'), ('AMENT_PREFIX_PATH', '/home/docker/rpizero2w_ubuntu_dev/workspace/src/install/cpp_pubsub:/opt/ros/humble'), ('DEBIAN_FRONTEND', 'noninteractive'), ('REMOTE_CONTAINERS_DISPLAY_SOCK', '/tmp/.X11-unix/X2'), ('SHELL', '/bin/bash'), ('VSCODE_GIT_ASKPASS_EXTRA_ARGS', ''), ('PWD', '/home/docker/rpizero2w_ubuntu_dev/workspace/src/build/mpu6050'), ('LC_ALL', 'en_US.UTF-8'), ('XDG_DATA_DIRS', '/usr/local/share:/usr/share:/var/lib/snapd/desktop'), ('PYTHONPATH', '/opt/ros/humble/lib/python3.10/site-packages:/opt/ros/humble/local/lib/python3.10/dist-packages'), ('COLCON', '1'), ('CMAKE_PREFIX_PATH', '/home/docker/rpizero2w_ubuntu_dev/workspace/src/install/cpp_pubsub:/opt/ros/humble')]), 'shell': False}
[0.752949] (mpu6050) StdoutLine: {'line': b'-- Install configuration: ""\n'}
[0.753032] (mpu6050) StdoutLine: {'line': b'-- Installing: /home/docker/rpizero2w_ubuntu_dev/workspace/src/install/mpu6050/lib/mpu6050/mpu_6050_pub\n'}
[0.753431] (mpu6050) StdoutLine: {'line': b'-- Set runtime path of "/home/docker/rpizero2w_ubuntu_dev/workspace/src/install/mpu6050/lib/mpu6050/mpu_6050_pub" to ""\n'}
[0.753605] (mpu6050) StdoutLine: {'line': b'-- Installing: /home/docker/rpizero2w_ubuntu_dev/workspace/src/install/mpu6050/share/ament_index/resource_index/package_run_dependencies/mpu6050\n'}
[0.753714] (mpu6050) StdoutLine: {'line': b'-- Installing: /home/docker/rpizero2w_ubuntu_dev/workspace/src/install/mpu6050/share/ament_index/resource_index/parent_prefix_path/mpu6050\n'}
[0.753801] (mpu6050) StdoutLine: {'line': b'-- Installing: /home/docker/rpizero2w_ubuntu_dev/workspace/src/install/mpu6050/share/mpu6050/environment/ament_prefix_path.sh\n'}
[0.753881] (mpu6050) StdoutLine: {'line': b'-- Installing: /home/docker/rpizero2w_ubuntu_dev/workspace/src/install/mpu6050/share/mpu6050/environment/ament_prefix_path.dsv\n'}
[0.753950] (mpu6050) StdoutLine: {'line': b'-- Installing: /home/docker/rpizero2w_ubuntu_dev/workspace/src/install/mpu6050/share/mpu6050/environment/path.sh\n'}
[0.754024] (mpu6050) StdoutLine: {'line': b'-- Installing: /home/docker/rpizero2w_ubuntu_dev/workspace/src/install/mpu6050/share/mpu6050/environment/path.dsv\n'}
[0.754093] (mpu6050) StdoutLine: {'line': b'-- Installing: /home/docker/rpizero2w_ubuntu_dev/workspace/src/install/mpu6050/share/mpu6050/local_setup.bash\n'}
[0.754152] (mpu6050) StdoutLine: {'line': b'-- Installing: /home/docker/rpizero2w_ubuntu_dev/workspace/src/install/mpu6050/share/mpu6050/local_setup.sh\n'}
[0.754216] (mpu6050) StdoutLine: {'line': b'-- Installing: /home/docker/rpizero2w_ubuntu_dev/workspace/src/install/mpu6050/share/mpu6050/local_setup.zsh\n'}
[0.754280] (mpu6050) StdoutLine: {'line': b'-- Installing: /home/docker/rpizero2w_ubuntu_dev/workspace/src/install/mpu6050/share/mpu6050/local_setup.dsv\n'}
[0.754338] (mpu6050) StdoutLine: {'line': b'-- Installing: /home/docker/rpizero2w_ubuntu_dev/workspace/src/install/mpu6050/share/mpu6050/package.dsv\n'}
[0.754395] (mpu6050) StdoutLine: {'line': b'-- Installing: /home/docker/rpizero2w_ubuntu_dev/workspace/src/install/mpu6050/share/ament_index/resource_index/packages/mpu6050\n'}
[0.754484] (mpu6050) StdoutLine: {'line': b'-- Installing: /home/docker/rpizero2w_ubuntu_dev/workspace/src/install/mpu6050/share/mpu6050/cmake/mpu6050Config.cmake\n'}
[0.754528] (mpu6050) StdoutLine: {'line': b'-- Installing: /home/docker/rpizero2w_ubuntu_dev/workspace/src/install/mpu6050/share/mpu6050/cmake/mpu6050Config-version.cmake\n'}
[0.754561] (mpu6050) StdoutLine: {'line': b'-- Installing: /home/docker/rpizero2w_ubuntu_dev/workspace/src/install/mpu6050/share/mpu6050/package.xml\n'}
[0.755250] (mpu6050) CommandEnded: {'returncode': 0}
[0.801143] (-) TimerEvent: {}
[0.809723] (mpu6050) JobEnded: {'identifier': 'mpu6050', 'rc': 0}
[0.810242] (-) EventReactorShutdown: {}
