[0.365s] DEBUG:colcon:Command line arguments: ['/usr/bin/colcon', 'build', '--packages-select', 'mpu6050']
[0.365s] DEBUG:colcon:Parsed command line arguments: Namespace(log_base=None, log_level=None, verb_name='build', build_base='build', install_base='install', merge_install=False, symlink_install=False, test_result_base=None, continue_on_error=False, executor='parallel', parallel_workers=20, event_handlers=None, ignore_user_meta=False, metas=['./colcon.meta'], base_paths=['.'], packages_ignore=None, packages_ignore_regex=None, paths=None, packages_up_to=None, packages_up_to_regex=None, packages_above=None, packages_above_and_dependencies=None, packages_above_depth=None, packages_select_by_dep=None, packages_skip_by_dep=None, packages_skip_up_to=None, packages_select_build_failed=False, packages_skip_build_finished=False, packages_select_test_failures=False, packages_skip_test_passed=False, packages_select=['mpu6050'], packages_skip=None, packages_select_regex=None, packages_skip_regex=None, packages_start=None, packages_end=None, allow_overriding=[], cmake_args=None, cmake_target=None, cmake_target_skip_unavailable=False, cmake_clean_cache=False, cmake_clean_first=False, cmake_force_configure=False, ament_cmake_args=None, catkin_cmake_args=None, catkin_skip_building_tests=False, verb_parser=<colcon_defaults.argument_parser.defaults.DefaultArgumentsDecorator object at 0x7fccb0363250>, verb_extension=<colcon_core.verb.build.BuildVerb object at 0x7fccb034c220>, main=<bound method BuildVerb.main of <colcon_core.verb.build.BuildVerb object at 0x7fccb034c220>>)
[0.385s] Level 1:colcon.colcon_core.package_discovery:discover_packages(colcon_meta) check parameters
[0.385s] Level 1:colcon.colcon_core.package_discovery:discover_packages(recursive) check parameters
[0.385s] Level 1:colcon.colcon_core.package_discovery:discover_packages(ignore) check parameters
[0.385s] Level 1:colcon.colcon_core.package_discovery:discover_packages(path) check parameters
[0.385s] Level 1:colcon.colcon_core.package_discovery:discover_packages(colcon_meta) discover
[0.385s] Level 1:colcon.colcon_core.package_discovery:discover_packages(recursive) discover
[0.385s] INFO:colcon.colcon_core.package_discovery:Crawling recursively for packages in '/home/docker/rpizero2w_ubuntu_dev/workspace/src'
[0.385s] Level 1:colcon.colcon_core.package_identification:_identify(.) by extensions ['ignore', 'ignore_ament_install']
[0.385s] Level 1:colcon.colcon_core.package_identification:_identify(.) by extension 'ignore'
[0.385s] Level 1:colcon.colcon_core.package_identification:_identify(.) by extension 'ignore_ament_install'
[0.385s] Level 1:colcon.colcon_core.package_identification:_identify(.) by extensions ['colcon_pkg']
[0.385s] Level 1:colcon.colcon_core.package_identification:_identify(.) by extension 'colcon_pkg'
[0.385s] Level 1:colcon.colcon_core.package_identification:_identify(.) by extensions ['colcon_meta']
[0.385s] Level 1:colcon.colcon_core.package_identification:_identify(.) by extension 'colcon_meta'
[0.385s] Level 1:colcon.colcon_core.package_identification:_identify(.) by extensions ['ros']
[0.385s] Level 1:colcon.colcon_core.package_identification:_identify(.) by extension 'ros'
[0.392s] Level 1:colcon.colcon_core.package_identification:_identify(.) by extensions ['cmake', 'python']
[0.392s] Level 1:colcon.colcon_core.package_identification:_identify(.) by extension 'cmake'
[0.392s] Level 1:colcon.colcon_core.package_identification:_identify(.) by extension 'python'
[0.392s] Level 1:colcon.colcon_core.package_identification:_identify(.) by extensions ['python_setup_py']
[0.392s] Level 1:colcon.colcon_core.package_identification:_identify(.) by extension 'python_setup_py'
[0.392s] Level 1:colcon.colcon_core.package_identification:_identify(build) by extensions ['ignore', 'ignore_ament_install']
[0.392s] Level 1:colcon.colcon_core.package_identification:_identify(build) by extension 'ignore'
[0.392s] Level 1:colcon.colcon_core.package_identification:_identify(build) ignored
[0.392s] Level 1:colcon.colcon_core.package_identification:_identify(cpp_pubsub) by extensions ['ignore', 'ignore_ament_install']
[0.392s] Level 1:colcon.colcon_core.package_identification:_identify(cpp_pubsub) by extension 'ignore'
[0.392s] Level 1:colcon.colcon_core.package_identification:_identify(cpp_pubsub) by extension 'ignore_ament_install'
[0.393s] Level 1:colcon.colcon_core.package_identification:_identify(cpp_pubsub) by extensions ['colcon_pkg']
[0.393s] Level 1:colcon.colcon_core.package_identification:_identify(cpp_pubsub) by extension 'colcon_pkg'
[0.393s] Level 1:colcon.colcon_core.package_identification:_identify(cpp_pubsub) by extensions ['colcon_meta']
[0.393s] Level 1:colcon.colcon_core.package_identification:_identify(cpp_pubsub) by extension 'colcon_meta'
[0.393s] Level 1:colcon.colcon_core.package_identification:_identify(cpp_pubsub) by extensions ['ros']
[0.393s] Level 1:colcon.colcon_core.package_identification:_identify(cpp_pubsub) by extension 'ros'
[0.394s] DEBUG:colcon.colcon_core.package_identification:Package 'cpp_pubsub' with type 'ros.ament_cmake' and name 'cpp_pubsub'
[0.394s] Level 1:colcon.colcon_core.package_identification:_identify(install) by extensions ['ignore', 'ignore_ament_install']
[0.394s] Level 1:colcon.colcon_core.package_identification:_identify(install) by extension 'ignore'
[0.394s] Level 1:colcon.colcon_core.package_identification:_identify(install) ignored
[0.394s] Level 1:colcon.colcon_core.package_identification:_identify(log) by extensions ['ignore', 'ignore_ament_install']
[0.394s] Level 1:colcon.colcon_core.package_identification:_identify(log) by extension 'ignore'
[0.394s] Level 1:colcon.colcon_core.package_identification:_identify(log) ignored
[0.394s] Level 1:colcon.colcon_core.package_identification:_identify(mpu6050) by extensions ['ignore', 'ignore_ament_install']
[0.394s] Level 1:colcon.colcon_core.package_identification:_identify(mpu6050) by extension 'ignore'
[0.394s] Level 1:colcon.colcon_core.package_identification:_identify(mpu6050) by extension 'ignore_ament_install'
[0.394s] Level 1:colcon.colcon_core.package_identification:_identify(mpu6050) by extensions ['colcon_pkg']
[0.394s] Level 1:colcon.colcon_core.package_identification:_identify(mpu6050) by extension 'colcon_pkg'
[0.395s] Level 1:colcon.colcon_core.package_identification:_identify(mpu6050) by extensions ['colcon_meta']
[0.395s] Level 1:colcon.colcon_core.package_identification:_identify(mpu6050) by extension 'colcon_meta'
[0.395s] Level 1:colcon.colcon_core.package_identification:_identify(mpu6050) by extensions ['ros']
[0.395s] Level 1:colcon.colcon_core.package_identification:_identify(mpu6050) by extension 'ros'
[0.395s] DEBUG:colcon.colcon_core.package_identification:Package 'mpu6050' with type 'ros.ament_cmake' and name 'mpu6050'
[0.395s] Level 1:colcon.colcon_core.package_discovery:discover_packages(recursive) using defaults
[0.395s] Level 1:colcon.colcon_core.package_discovery:discover_packages(ignore) discover
[0.395s] Level 1:colcon.colcon_core.package_discovery:discover_packages(ignore) using defaults
[0.395s] Level 1:colcon.colcon_core.package_discovery:discover_packages(path) discover
[0.395s] Level 1:colcon.colcon_core.package_discovery:discover_packages(path) using defaults
[0.421s] INFO:colcon.colcon_core.package_selection:Skipping not selected package 'cpp_pubsub' in 'cpp_pubsub'
[0.431s] Level 1:colcon.colcon_core.package_discovery:discover_packages(prefix_path) check parameters
[0.431s] Level 1:colcon.colcon_core.package_discovery:discover_packages(prefix_path) discover
[0.441s] DEBUG:colcon.colcon_installed_package_information.package_discovery:Found 2 installed packages in /home/docker/rpizero2w_ubuntu_dev/workspace/src/install
[0.446s] DEBUG:colcon.colcon_installed_package_information.package_discovery:Found 182 installed packages in /opt/ros/humble
[0.446s] Level 1:colcon.colcon_core.package_discovery:discover_packages(prefix_path) using defaults
[0.477s] Level 5:colcon.colcon_core.verb:set package 'mpu6050' build argument 'cmake_args' from command line to 'None'
[0.477s] Level 5:colcon.colcon_core.verb:set package 'mpu6050' build argument 'cmake_target' from command line to 'None'
[0.477s] Level 5:colcon.colcon_core.verb:set package 'mpu6050' build argument 'cmake_target_skip_unavailable' from command line to 'False'
[0.477s] Level 5:colcon.colcon_core.verb:set package 'mpu6050' build argument 'cmake_clean_cache' from command line to 'False'
[0.477s] Level 5:colcon.colcon_core.verb:set package 'mpu6050' build argument 'cmake_clean_first' from command line to 'False'
[0.477s] Level 5:colcon.colcon_core.verb:set package 'mpu6050' build argument 'cmake_force_configure' from command line to 'False'
[0.477s] Level 5:colcon.colcon_core.verb:set package 'mpu6050' build argument 'ament_cmake_args' from command line to 'None'
[0.477s] Level 5:colcon.colcon_core.verb:set package 'mpu6050' build argument 'catkin_cmake_args' from command line to 'None'
[0.477s] Level 5:colcon.colcon_core.verb:set package 'mpu6050' build argument 'catkin_skip_building_tests' from command line to 'False'
[0.477s] DEBUG:colcon.colcon_core.verb:Building package 'mpu6050' with the following arguments: {'ament_cmake_args': None, 'build_base': '/home/docker/rpizero2w_ubuntu_dev/workspace/src/build/mpu6050', 'catkin_cmake_args': None, 'catkin_skip_building_tests': False, 'cmake_args': None, 'cmake_clean_cache': False, 'cmake_clean_first': False, 'cmake_force_configure': False, 'cmake_target': None, 'cmake_target_skip_unavailable': False, 'install_base': '/home/docker/rpizero2w_ubuntu_dev/workspace/src/install/mpu6050', 'merge_install': False, 'path': '/home/docker/rpizero2w_ubuntu_dev/workspace/src/mpu6050', 'symlink_install': False, 'test_result_base': None}
[0.482s] INFO:colcon.colcon_core.executor:Executing jobs using 'parallel' executor
[0.487s] DEBUG:colcon.colcon_parallel_executor.executor.parallel:run_until_complete
[0.487s] INFO:colcon.colcon_ros.task.ament_cmake.build:Building ROS package in '/home/docker/rpizero2w_ubuntu_dev/workspace/src/mpu6050' with build type 'ament_cmake'
[0.487s] INFO:colcon.colcon_cmake.task.cmake.build:Building CMake package in '/home/docker/rpizero2w_ubuntu_dev/workspace/src/mpu6050'
[0.493s] INFO:colcon.colcon_core.plugin_system:Skipping extension 'colcon_core.shell.bat': Not used on non-Windows systems
[0.493s] INFO:colcon.colcon_core.shell:Skip shell extension 'powershell' for command environment: Not usable outside of PowerShell
[0.493s] DEBUG:colcon.colcon_core.shell:Skip shell extension 'dsv' for command environment
[0.514s] DEBUG:colcon.colcon_core.event_handler.log_command:Invoking command in '/home/docker/rpizero2w_ubuntu_dev/workspace/src/build/mpu6050': CMAKE_PREFIX_PATH=${CMAKE_PREFIX_PATH}:/opt/ros/humble /usr/bin/cmake --build /home/docker/rpizero2w_ubuntu_dev/workspace/src/build/mpu6050 -- -j20 -l20
[1.221s] DEBUG:colcon.colcon_core.event_handler.log_command:Invoked command in '/home/docker/rpizero2w_ubuntu_dev/workspace/src/build/mpu6050' returned '0': CMAKE_PREFIX_PATH=${CMAKE_PREFIX_PATH}:/opt/ros/humble /usr/bin/cmake --build /home/docker/rpizero2w_ubuntu_dev/workspace/src/build/mpu6050 -- -j20 -l20
[1.237s] DEBUG:colcon.colcon_core.event_handler.log_command:Invoking command in '/home/docker/rpizero2w_ubuntu_dev/workspace/src/build/mpu6050': CMAKE_PREFIX_PATH=${CMAKE_PREFIX_PATH}:/opt/ros/humble /usr/bin/cmake --install /home/docker/rpizero2w_ubuntu_dev/workspace/src/build/mpu6050
[1.243s] Level 1:colcon.colcon_core.environment:create_environment_scripts_only(mpu6050)
[1.243s] DEBUG:colcon.colcon_core.event_handler.log_command:Invoked command in '/home/docker/rpizero2w_ubuntu_dev/workspace/src/build/mpu6050' returned '0': CMAKE_PREFIX_PATH=${CMAKE_PREFIX_PATH}:/opt/ros/humble /usr/bin/cmake --install /home/docker/rpizero2w_ubuntu_dev/workspace/src/build/mpu6050
[1.249s] Level 1:colcon.colcon_core.environment:checking '/home/docker/rpizero2w_ubuntu_dev/workspace/src/install/mpu6050' for CMake module files
[1.250s] Level 1:colcon.colcon_core.environment:checking '/home/docker/rpizero2w_ubuntu_dev/workspace/src/install/mpu6050' for CMake config files
[1.250s] Level 1:colcon.colcon_core.shell:create_environment_hook('mpu6050', 'cmake_prefix_path')
[1.255s] INFO:colcon.colcon_core.shell:Creating environment hook '/home/docker/rpizero2w_ubuntu_dev/workspace/src/install/mpu6050/share/mpu6050/hook/cmake_prefix_path.ps1'
[1.255s] INFO:colcon.colcon_core.shell:Creating environment descriptor '/home/docker/rpizero2w_ubuntu_dev/workspace/src/install/mpu6050/share/mpu6050/hook/cmake_prefix_path.dsv'
[1.255s] INFO:colcon.colcon_core.shell:Creating environment hook '/home/docker/rpizero2w_ubuntu_dev/workspace/src/install/mpu6050/share/mpu6050/hook/cmake_prefix_path.sh'
[1.256s] Level 1:colcon.colcon_core.environment:checking '/home/docker/rpizero2w_ubuntu_dev/workspace/src/install/mpu6050/lib'
[1.256s] Level 1:colcon.colcon_core.environment:checking '/home/docker/rpizero2w_ubuntu_dev/workspace/src/install/mpu6050/bin'
[1.256s] Level 1:colcon.colcon_core.environment:checking '/home/docker/rpizero2w_ubuntu_dev/workspace/src/install/mpu6050/lib/pkgconfig/mpu6050.pc'
[1.256s] Level 1:colcon.colcon_core.environment:checking '/home/docker/rpizero2w_ubuntu_dev/workspace/src/install/mpu6050/lib/python3.10/site-packages'
[1.256s] Level 1:colcon.colcon_core.environment:checking '/home/docker/rpizero2w_ubuntu_dev/workspace/src/install/mpu6050/bin'
[1.261s] INFO:colcon.colcon_core.shell:Creating package script '/home/docker/rpizero2w_ubuntu_dev/workspace/src/install/mpu6050/share/mpu6050/package.ps1'
[1.262s] INFO:colcon.colcon_core.shell:Creating package descriptor '/home/docker/rpizero2w_ubuntu_dev/workspace/src/install/mpu6050/share/mpu6050/package.dsv'
[1.262s] INFO:colcon.colcon_core.shell:Creating package script '/home/docker/rpizero2w_ubuntu_dev/workspace/src/install/mpu6050/share/mpu6050/package.sh'
[1.262s] INFO:colcon.colcon_core.shell:Creating package script '/home/docker/rpizero2w_ubuntu_dev/workspace/src/install/mpu6050/share/mpu6050/package.bash'
[1.262s] INFO:colcon.colcon_core.shell:Creating package script '/home/docker/rpizero2w_ubuntu_dev/workspace/src/install/mpu6050/share/mpu6050/package.zsh'
[1.263s] Level 1:colcon.colcon_core.environment:create_file_with_runtime_dependencies(/home/docker/rpizero2w_ubuntu_dev/workspace/src/install/mpu6050/share/colcon-core/packages/mpu6050)
[1.281s] Level 1:colcon.colcon_core.environment:create_environment_scripts_only(mpu6050)
[1.286s] Level 1:colcon.colcon_core.environment:checking '/home/docker/rpizero2w_ubuntu_dev/workspace/src/install/mpu6050' for CMake module files
[1.286s] Level 1:colcon.colcon_core.environment:checking '/home/docker/rpizero2w_ubuntu_dev/workspace/src/install/mpu6050' for CMake config files
[1.286s] Level 1:colcon.colcon_core.shell:create_environment_hook('mpu6050', 'cmake_prefix_path')
[1.291s] INFO:colcon.colcon_core.shell:Creating environment hook '/home/docker/rpizero2w_ubuntu_dev/workspace/src/install/mpu6050/share/mpu6050/hook/cmake_prefix_path.ps1'
[1.291s] INFO:colcon.colcon_core.shell:Creating environment descriptor '/home/docker/rpizero2w_ubuntu_dev/workspace/src/install/mpu6050/share/mpu6050/hook/cmake_prefix_path.dsv'
[1.291s] INFO:colcon.colcon_core.shell:Creating environment hook '/home/docker/rpizero2w_ubuntu_dev/workspace/src/install/mpu6050/share/mpu6050/hook/cmake_prefix_path.sh'
[1.292s] Level 1:colcon.colcon_core.environment:checking '/home/docker/rpizero2w_ubuntu_dev/workspace/src/install/mpu6050/lib'
[1.292s] Level 1:colcon.colcon_core.environment:checking '/home/docker/rpizero2w_ubuntu_dev/workspace/src/install/mpu6050/bin'
[1.292s] Level 1:colcon.colcon_core.environment:checking '/home/docker/rpizero2w_ubuntu_dev/workspace/src/install/mpu6050/lib/pkgconfig/mpu6050.pc'
[1.292s] Level 1:colcon.colcon_core.environment:checking '/home/docker/rpizero2w_ubuntu_dev/workspace/src/install/mpu6050/lib/python3.10/site-packages'
[1.292s] Level 1:colcon.colcon_core.environment:checking '/home/docker/rpizero2w_ubuntu_dev/workspace/src/install/mpu6050/bin'
[1.296s] INFO:colcon.colcon_core.shell:Creating package script '/home/docker/rpizero2w_ubuntu_dev/workspace/src/install/mpu6050/share/mpu6050/package.ps1'
[1.297s] INFO:colcon.colcon_core.shell:Creating package descriptor '/home/docker/rpizero2w_ubuntu_dev/workspace/src/install/mpu6050/share/mpu6050/package.dsv'
[1.297s] INFO:colcon.colcon_core.shell:Creating package script '/home/docker/rpizero2w_ubuntu_dev/workspace/src/install/mpu6050/share/mpu6050/package.sh'
[1.297s] INFO:colcon.colcon_core.shell:Creating package script '/home/docker/rpizero2w_ubuntu_dev/workspace/src/install/mpu6050/share/mpu6050/package.bash'
[1.297s] INFO:colcon.colcon_core.shell:Creating package script '/home/docker/rpizero2w_ubuntu_dev/workspace/src/install/mpu6050/share/mpu6050/package.zsh'
[1.297s] Level 1:colcon.colcon_core.environment:create_file_with_runtime_dependencies(/home/docker/rpizero2w_ubuntu_dev/workspace/src/install/mpu6050/share/colcon-core/packages/mpu6050)
[1.297s] DEBUG:colcon.colcon_parallel_executor.executor.parallel:closing loop
[1.298s] DEBUG:colcon.colcon_parallel_executor.executor.parallel:loop closed
[1.298s] DEBUG:colcon.colcon_parallel_executor.executor.parallel:run_until_complete finished with '0'
[1.298s] DEBUG:colcon.colcon_core.event_reactor:joining thread
[1.305s] INFO:colcon.colcon_core.plugin_system:Skipping extension 'colcon_notification.desktop_notification.notify_send': Could not find 'notify-send'
[1.305s] INFO:colcon.colcon_core.plugin_system:Skipping extension 'colcon_notification.desktop_notification.terminal_notifier': Not used on non-Darwin systems
[1.305s] INFO:colcon.colcon_core.plugin_system:Skipping extension 'colcon_notification.desktop_notification.win32': Not used on non-Windows systems
[1.305s] INFO:colcon.colcon_notification.desktop_notification:Sending desktop notification using 'notify2'
[1.307s] DEBUG:colcon.colcon_notification.desktop_notification.notify2:Failed to initialize notify2: org.freedesktop.DBus.Error.Spawn.ExecFailed: /usr/bin/dbus-launch terminated abnormally without any error message
[1.307s] DEBUG:colcon.colcon_core.event_reactor:joined thread
[1.312s] INFO:colcon.colcon_core.shell:Creating prefix script '/home/docker/rpizero2w_ubuntu_dev/workspace/src/install/local_setup.ps1'
[1.313s] INFO:colcon.colcon_core.shell:Creating prefix util module '/home/docker/rpizero2w_ubuntu_dev/workspace/src/install/_local_setup_util_ps1.py'
[1.313s] INFO:colcon.colcon_core.shell:Creating prefix chain script '/home/docker/rpizero2w_ubuntu_dev/workspace/src/install/setup.ps1'
[1.319s] INFO:colcon.colcon_core.shell:Creating prefix script '/home/docker/rpizero2w_ubuntu_dev/workspace/src/install/local_setup.sh'
[1.319s] INFO:colcon.colcon_core.shell:Creating prefix util module '/home/docker/rpizero2w_ubuntu_dev/workspace/src/install/_local_setup_util_sh.py'
[1.320s] INFO:colcon.colcon_core.shell:Creating prefix chain script '/home/docker/rpizero2w_ubuntu_dev/workspace/src/install/setup.sh'
[1.326s] INFO:colcon.colcon_core.shell:Creating prefix script '/home/docker/rpizero2w_ubuntu_dev/workspace/src/install/local_setup.bash'
[1.327s] INFO:colcon.colcon_core.shell:Creating prefix chain script '/home/docker/rpizero2w_ubuntu_dev/workspace/src/install/setup.bash'
[1.333s] INFO:colcon.colcon_core.shell:Creating prefix script '/home/docker/rpizero2w_ubuntu_dev/workspace/src/install/local_setup.zsh'
[1.333s] INFO:colcon.colcon_core.shell:Creating prefix chain script '/home/docker/rpizero2w_ubuntu_dev/workspace/src/install/setup.zsh'
