[ 33%] [32mBuilding CXX object CMakeFiles/mpu_6050_pub.dir/src/mpu6050_pub.cpp.o[0m
[ 66%] [32m[1mLinking CXX executable mpu_6050_pub[0m
[100%] Built target mpu_6050_pub
-- Install configuration: ""
-- Installing: /home/docker/rpizero2w_ubuntu_dev/workspace/src/install/mpu6050/lib/mpu6050/mpu_6050_pub
-- Set runtime path of "/home/docker/rpizero2w_ubuntu_dev/workspace/src/install/mpu6050/lib/mpu6050/mpu_6050_pub" to ""
-- Up-to-date: /home/docker/rpizero2w_ubuntu_dev/workspace/src/install/mpu6050/share/ament_index/resource_index/package_run_dependencies/mpu6050
-- Up-to-date: /home/docker/rpizero2w_ubuntu_dev/workspace/src/install/mpu6050/share/ament_index/resource_index/parent_prefix_path/mpu6050
-- Up-to-date: /home/docker/rpizero2w_ubuntu_dev/workspace/src/install/mpu6050/share/mpu6050/environment/ament_prefix_path.sh
-- Up-to-date: /home/docker/rpizero2w_ubuntu_dev/workspace/src/install/mpu6050/share/mpu6050/environment/ament_prefix_path.dsv
-- Up-to-date: /home/docker/rpizero2w_ubuntu_dev/workspace/src/install/mpu6050/share/mpu6050/environment/path.sh
-- Up-to-date: /home/docker/rpizero2w_ubuntu_dev/workspace/src/install/mpu6050/share/mpu6050/environment/path.dsv
-- Up-to-date: /home/docker/rpizero2w_ubuntu_dev/workspace/src/install/mpu6050/share/mpu6050/local_setup.bash
-- Up-to-date: /home/docker/rpizero2w_ubuntu_dev/workspace/src/install/mpu6050/share/mpu6050/local_setup.sh
-- Up-to-date: /home/docker/rpizero2w_ubuntu_dev/workspace/src/install/mpu6050/share/mpu6050/local_setup.zsh
-- Up-to-date: /home/docker/rpizero2w_ubuntu_dev/workspace/src/install/mpu6050/share/mpu6050/local_setup.dsv
-- Up-to-date: /home/docker/rpizero2w_ubuntu_dev/workspace/src/install/mpu6050/share/mpu6050/package.dsv
-- Up-to-date: /home/docker/rpizero2w_ubuntu_dev/workspace/src/install/mpu6050/share/ament_index/resource_index/packages/mpu6050
-- Up-to-date: /home/docker/rpizero2w_ubuntu_dev/workspace/src/install/mpu6050/share/mpu6050/cmake/mpu6050Config.cmake
-- Up-to-date: /home/docker/rpizero2w_ubuntu_dev/workspace/src/install/mpu6050/share/mpu6050/cmake/mpu6050Config-version.cmake
-- Up-to-date: /home/docker/rpizero2w_ubuntu_dev/workspace/src/install/mpu6050/share/mpu6050/package.xml
