[0.000000] (-) TimerEvent: {}
[0.000209] (-) JobUnselected: {'identifier': 'mpu6050'}
[0.000230] (cpp_pubsub) JobQueued: {'identifier': 'cpp_pubsub', 'dependencies': OrderedDict()}
[0.000690] (cpp_pubsub) JobStarted: {'identifier': 'cpp_pubsub'}
[0.020315] (cpp_pubsub) JobProgress: {'identifier': 'cpp_pubsub', 'progress': 'cmake'}
[0.020362] (cpp_pubsub) Command: {'cmd': ['/usr/bin/cmake', '/home/docker/rpizero2w_ubuntu_dev/workspace/src/cpp_pubsub', '-DCMAKE_INSTALL_PREFIX=/home/docker/rpizero2w_ubuntu_dev/workspace/src/install/cpp_pubsub'], 'cwd': '/home/docker/rpizero2w_ubuntu_dev/workspace/src/build/cpp_pubsub', 'env': OrderedDict([('HOSTNAME', 'phoenix'), ('GIT_ASKPASS', '/home/docker/.vscode-server/bin/0ee08df0cf4527e40edc9aa28f4b5bd38bbff2b2/extensions/git/dist/askpass.sh'), ('SHLVL', '2'), ('LD_LIBRARY_PATH', '/opt/ros/humble/lib/x86_64-linux-gnu:/opt/ros/humble/lib'), ('BROWSER', '/home/docker/.vscode-server/bin/0ee08df0cf4527e40edc9aa28f4b5bd38bbff2b2/bin/helpers/browser.sh'), ('HOME', '/home/docker'), ('OLDPWD', '/home/docker/rpizero2w_ubuntu_dev/workspace'), ('TERM_PROGRAM_VERSION', '1.85.1'), ('VSCODE_IPC_HOOK_CLI', '/tmp/vscode-ipc-521b6d25-02ae-4cfd-a9a1-5d0de76a0501.sock'), ('ROS_PYTHON_VERSION', '3'), ('VSCODE_GIT_ASKPASS_MAIN', '/home/docker/.vscode-server/bin/0ee08df0cf4527e40edc9aa28f4b5bd38bbff2b2/extensions/git/dist/askpass-main.js'), ('VSCODE_GIT_ASKPASS_NODE', '/home/docker/.vscode-server/bin/0ee08df0cf4527e40edc9aa28f4b5bd38bbff2b2/node'), ('COLORTERM', 'truecolor'), ('REMOTE_CONTAINERS', 'true'), ('ROS_DISTRO', 'humble'), ('REMOTE_CONTAINERS_IPC', '/tmp/vscode-remote-containers-ipc-9144bcc4-66d7-4a9e-93b7-46b092b6e30f.sock'), ('_', '/usr/bin/colcon'), ('ROS_VERSION', '2'), ('TERM', 'xterm-256color'), ('DEBUG_COLORS', 'true'), ('ROS_LOCALHOST_ONLY', '0'), ('PATH', '/opt/ros/humble/bin:/home/docker/.vscode-server/bin/0ee08df0cf4527e40edc9aa28f4b5bd38bbff2b2/bin/remote-cli:/usr/local/sbin:/usr/local/bin:/usr/sbin:/usr/bin:/sbin:/bin:/snap/bin'), ('REMOTE_CONTAINERS_SOCKETS', '["/tmp/vscode-ssh-auth-9144bcc4-66d7-4a9e-93b7-46b092b6e30f.sock","/tmp/.X11-unix/X2","/home/docker/.gnupg/S.gpg-agent"]'), ('DISPLAY', ':1'), ('LANG', 'en_US.UTF-8'), ('VSCODE_GIT_IPC_HANDLE', '/tmp/vscode-git-5a0ba3ea8a.sock'), ('TERM_PROGRAM', 'vscode'), ('SSH_AUTH_SOCK', '/tmp/vscode-ssh-auth-9144bcc4-66d7-4a9e-93b7-46b092b6e30f.sock'), ('AMENT_PREFIX_PATH', '/opt/ros/humble'), ('DEBIAN_FRONTEND', 'noninteractive'), ('REMOTE_CONTAINERS_DISPLAY_SOCK', '/tmp/.X11-unix/X2'), ('SHELL', '/bin/bash'), ('VSCODE_GIT_ASKPASS_EXTRA_ARGS', ''), ('PWD', '/home/docker/rpizero2w_ubuntu_dev/workspace/src/build/cpp_pubsub'), ('LC_ALL', 'en_US.UTF-8'), ('XDG_DATA_DIRS', '/usr/local/share:/usr/share:/var/lib/snapd/desktop'), ('PYTHONPATH', '/opt/ros/humble/lib/python3.10/site-packages:/opt/ros/humble/local/lib/python3.10/dist-packages'), ('COLCON', '1'), ('CMAKE_PREFIX_PATH', '/opt/ros/humble')]), 'shell': False}
[0.050794] (cpp_pubsub) StdoutLine: {'line': b'-- The C compiler identification is GNU 11.4.0\n'}
[0.080475] (cpp_pubsub) StdoutLine: {'line': b'-- The CXX compiler identification is GNU 11.4.0\n'}
[0.084336] (cpp_pubsub) StdoutLine: {'line': b'-- Detecting C compiler ABI info\n'}
[0.099919] (-) TimerEvent: {}
[0.120652] (cpp_pubsub) StdoutLine: {'line': b'-- Detecting C compiler ABI info - done\n'}
[0.124570] (cpp_pubsub) StdoutLine: {'line': b'-- Check for working C compiler: /usr/bin/cc - skipped\n'}
[0.124779] (cpp_pubsub) StdoutLine: {'line': b'-- Detecting C compile features\n'}
[0.124978] (cpp_pubsub) StdoutLine: {'line': b'-- Detecting C compile features - done\n'}
[0.126846] (cpp_pubsub) StdoutLine: {'line': b'-- Detecting CXX compiler ABI info\n'}
[0.168137] (cpp_pubsub) StdoutLine: {'line': b'-- Detecting CXX compiler ABI info - done\n'}
[0.172302] (cpp_pubsub) StdoutLine: {'line': b'-- Check for working CXX compiler: /usr/bin/c++ - skipped\n'}
[0.172380] (cpp_pubsub) StdoutLine: {'line': b'-- Detecting CXX compile features\n'}
[0.172741] (cpp_pubsub) StdoutLine: {'line': b'-- Detecting CXX compile features - done\n'}
[0.173845] (cpp_pubsub) StdoutLine: {'line': b'-- Found ament_cmake: 1.3.6 (/opt/ros/humble/share/ament_cmake/cmake)\n'}
[0.200078] (-) TimerEvent: {}
[0.265948] (cpp_pubsub) StdoutLine: {'line': b'-- Found Python3: /usr/bin/python3.10 (found version "3.10.12") found components: Interpreter \n'}
[0.300217] (-) TimerEvent: {}
[0.319072] (cpp_pubsub) StdoutLine: {'line': b'-- Found rclcpp: 16.0.7 (/opt/ros/humble/share/rclcpp/cmake)\n'}
[0.349030] (cpp_pubsub) StdoutLine: {'line': b'-- Found rosidl_generator_c: 3.1.5 (/opt/ros/humble/share/rosidl_generator_c/cmake)\n'}
[0.354191] (cpp_pubsub) StdoutLine: {'line': b'-- Found rosidl_adapter: 3.1.5 (/opt/ros/humble/share/rosidl_adapter/cmake)\n'}
[0.361834] (cpp_pubsub) StdoutLine: {'line': b'-- Found rosidl_generator_cpp: 3.1.5 (/opt/ros/humble/share/rosidl_generator_cpp/cmake)\n'}
[0.375822] (cpp_pubsub) StdoutLine: {'line': b'-- Using all available rosidl_typesupport_c: rosidl_typesupport_fastrtps_c;rosidl_typesupport_introspection_c\n'}
[0.389629] (cpp_pubsub) StdoutLine: {'line': b'-- Using all available rosidl_typesupport_cpp: rosidl_typesupport_fastrtps_cpp;rosidl_typesupport_introspection_cpp\n'}
[0.400415] (-) TimerEvent: {}
[0.438373] (cpp_pubsub) StdoutLine: {'line': b'-- Found rmw_implementation_cmake: 6.1.1 (/opt/ros/humble/share/rmw_implementation_cmake/cmake)\n'}
[0.440355] (cpp_pubsub) StdoutLine: {'line': b'-- Found rmw_fastrtps_cpp: 6.2.5 (/opt/ros/humble/share/rmw_fastrtps_cpp/cmake)\n'}
[0.500511] (-) TimerEvent: {}
[0.501392] (cpp_pubsub) StdoutLine: {'line': b'-- Found OpenSSL: /usr/lib/x86_64-linux-gnu/libcrypto.so (found version "3.0.2")  \n'}
[0.516962] (cpp_pubsub) StdoutLine: {'line': b'-- Found FastRTPS: /opt/ros/humble/include  \n'}
[0.538737] (cpp_pubsub) StdoutLine: {'line': b"-- Using RMW implementation 'rmw_fastrtps_cpp' as default\n"}
[0.546020] (cpp_pubsub) StdoutLine: {'line': b'-- Looking for pthread.h\n'}
[0.585328] (cpp_pubsub) StdoutLine: {'line': b'-- Looking for pthread.h - found\n'}
[0.585452] (cpp_pubsub) StdoutLine: {'line': b'-- Performing Test CMAKE_HAVE_LIBC_PTHREAD\n'}
[0.600592] (-) TimerEvent: {}
[0.625522] (cpp_pubsub) StdoutLine: {'line': b'-- Performing Test CMAKE_HAVE_LIBC_PTHREAD - Success\n'}
[0.626139] (cpp_pubsub) StdoutLine: {'line': b'-- Found Threads: TRUE  \n'}
[0.700781] (-) TimerEvent: {}
[0.723709] (cpp_pubsub) StdoutLine: {'line': b'-- Found ament_lint_auto: 0.12.9 (/opt/ros/humble/share/ament_lint_auto/cmake)\n'}
[0.768100] (cpp_pubsub) StdoutLine: {'line': b"-- Added test 'cppcheck' to perform static code analysis on C / C++ code\n"}
[0.768252] (cpp_pubsub) StdoutLine: {'line': b'-- Configured cppcheck include dirs: \n'}
[0.768320] (cpp_pubsub) StdoutLine: {'line': b'-- Configured cppcheck exclude dirs and/or files: \n'}
[0.768651] (cpp_pubsub) StdoutLine: {'line': b"-- Added test 'lint_cmake' to check CMake code style\n"}
[0.769273] (cpp_pubsub) StdoutLine: {'line': b"-- Added test 'uncrustify' to check C / C++ code style\n"}
[0.769356] (cpp_pubsub) StdoutLine: {'line': b'-- Configured uncrustify additional arguments: \n'}
[0.769593] (cpp_pubsub) StdoutLine: {'line': b"-- Added test 'xmllint' to check XML markup files\n"}
[0.770369] (cpp_pubsub) StdoutLine: {'line': b'-- Configuring done\n'}
[0.775691] (cpp_pubsub) StdoutLine: {'line': b'-- Generating done\n'}
[0.776521] (cpp_pubsub) StdoutLine: {'line': b'-- Build files have been written to: /home/docker/rpizero2w_ubuntu_dev/workspace/src/build/cpp_pubsub\n'}
[0.781795] (cpp_pubsub) CommandEnded: {'returncode': 0}
[0.782057] (cpp_pubsub) JobProgress: {'identifier': 'cpp_pubsub', 'progress': 'build'}
[0.782081] (cpp_pubsub) Command: {'cmd': ['/usr/bin/cmake', '--build', '/home/docker/rpizero2w_ubuntu_dev/workspace/src/build/cpp_pubsub', '--', '-j20', '-l20'], 'cwd': '/home/docker/rpizero2w_ubuntu_dev/workspace/src/build/cpp_pubsub', 'env': OrderedDict([('HOSTNAME', 'phoenix'), ('GIT_ASKPASS', '/home/docker/.vscode-server/bin/0ee08df0cf4527e40edc9aa28f4b5bd38bbff2b2/extensions/git/dist/askpass.sh'), ('SHLVL', '2'), ('LD_LIBRARY_PATH', '/opt/ros/humble/lib/x86_64-linux-gnu:/opt/ros/humble/lib'), ('BROWSER', '/home/docker/.vscode-server/bin/0ee08df0cf4527e40edc9aa28f4b5bd38bbff2b2/bin/helpers/browser.sh'), ('HOME', '/home/docker'), ('OLDPWD', '/home/docker/rpizero2w_ubuntu_dev/workspace'), ('TERM_PROGRAM_VERSION', '1.85.1'), ('VSCODE_IPC_HOOK_CLI', '/tmp/vscode-ipc-521b6d25-02ae-4cfd-a9a1-5d0de76a0501.sock'), ('ROS_PYTHON_VERSION', '3'), ('VSCODE_GIT_ASKPASS_MAIN', '/home/docker/.vscode-server/bin/0ee08df0cf4527e40edc9aa28f4b5bd38bbff2b2/extensions/git/dist/askpass-main.js'), ('VSCODE_GIT_ASKPASS_NODE', '/home/docker/.vscode-server/bin/0ee08df0cf4527e40edc9aa28f4b5bd38bbff2b2/node'), ('COLORTERM', 'truecolor'), ('REMOTE_CONTAINERS', 'true'), ('ROS_DISTRO', 'humble'), ('REMOTE_CONTAINERS_IPC', '/tmp/vscode-remote-containers-ipc-9144bcc4-66d7-4a9e-93b7-46b092b6e30f.sock'), ('_', '/usr/bin/colcon'), ('ROS_VERSION', '2'), ('TERM', 'xterm-256color'), ('DEBUG_COLORS', 'true'), ('ROS_LOCALHOST_ONLY', '0'), ('PATH', '/opt/ros/humble/bin:/home/docker/.vscode-server/bin/0ee08df0cf4527e40edc9aa28f4b5bd38bbff2b2/bin/remote-cli:/usr/local/sbin:/usr/local/bin:/usr/sbin:/usr/bin:/sbin:/bin:/snap/bin'), ('REMOTE_CONTAINERS_SOCKETS', '["/tmp/vscode-ssh-auth-9144bcc4-66d7-4a9e-93b7-46b092b6e30f.sock","/tmp/.X11-unix/X2","/home/docker/.gnupg/S.gpg-agent"]'), ('DISPLAY', ':1'), ('LANG', 'en_US.UTF-8'), ('VSCODE_GIT_IPC_HANDLE', '/tmp/vscode-git-5a0ba3ea8a.sock'), ('TERM_PROGRAM', 'vscode'), ('SSH_AUTH_SOCK', '/tmp/vscode-ssh-auth-9144bcc4-66d7-4a9e-93b7-46b092b6e30f.sock'), ('AMENT_PREFIX_PATH', '/opt/ros/humble'), ('DEBIAN_FRONTEND', 'noninteractive'), ('REMOTE_CONTAINERS_DISPLAY_SOCK', '/tmp/.X11-unix/X2'), ('SHELL', '/bin/bash'), ('VSCODE_GIT_ASKPASS_EXTRA_ARGS', ''), ('PWD', '/home/docker/rpizero2w_ubuntu_dev/workspace/src/build/cpp_pubsub'), ('LC_ALL', 'en_US.UTF-8'), ('XDG_DATA_DIRS', '/usr/local/share:/usr/share:/var/lib/snapd/desktop'), ('PYTHONPATH', '/opt/ros/humble/lib/python3.10/site-packages:/opt/ros/humble/local/lib/python3.10/dist-packages'), ('COLCON', '1'), ('CMAKE_PREFIX_PATH', '/opt/ros/humble')]), 'shell': False}
[0.800895] (-) TimerEvent: {}
[0.807040] (cpp_pubsub) StdoutLine: {'line': b'[ 50%] \x1b[32mBuilding CXX object CMakeFiles/talker.dir/src/publisher_member_function.cpp.o\x1b[0m\n'}
[0.901030] (-) TimerEvent: {}
[1.001398] (-) TimerEvent: {}
[1.101759] (-) TimerEvent: {}
[1.202145] (-) TimerEvent: {}
[1.302437] (-) TimerEvent: {}
[1.402839] (-) TimerEvent: {}
[1.503128] (-) TimerEvent: {}
[1.603506] (-) TimerEvent: {}
[1.703892] (-) TimerEvent: {}
[1.804146] (-) TimerEvent: {}
[1.904398] (-) TimerEvent: {}
[2.004795] (-) TimerEvent: {}
[2.105090] (-) TimerEvent: {}
[2.205383] (-) TimerEvent: {}
[2.305721] (-) TimerEvent: {}
[2.406109] (-) TimerEvent: {}
[2.506498] (-) TimerEvent: {}
[2.606888] (-) TimerEvent: {}
[2.707270] (-) TimerEvent: {}
[2.807644] (-) TimerEvent: {}
[2.907932] (-) TimerEvent: {}
[3.008312] (-) TimerEvent: {}
[3.108802] (-) TimerEvent: {}
[3.127948] (cpp_pubsub) StdoutLine: {'line': b'[100%] \x1b[32m\x1b[1mLinking CXX executable talker\x1b[0m\n'}
[3.208923] (-) TimerEvent: {}
[3.242633] (cpp_pubsub) StdoutLine: {'line': b'[100%] Built target talker\n'}
[3.249481] (cpp_pubsub) CommandEnded: {'returncode': 0}
[3.262316] (cpp_pubsub) JobProgress: {'identifier': 'cpp_pubsub', 'progress': 'install'}
[3.266469] (cpp_pubsub) Command: {'cmd': ['/usr/bin/cmake', '--install', '/home/docker/rpizero2w_ubuntu_dev/workspace/src/build/cpp_pubsub'], 'cwd': '/home/docker/rpizero2w_ubuntu_dev/workspace/src/build/cpp_pubsub', 'env': OrderedDict([('HOSTNAME', 'phoenix'), ('GIT_ASKPASS', '/home/docker/.vscode-server/bin/0ee08df0cf4527e40edc9aa28f4b5bd38bbff2b2/extensions/git/dist/askpass.sh'), ('SHLVL', '2'), ('LD_LIBRARY_PATH', '/opt/ros/humble/lib/x86_64-linux-gnu:/opt/ros/humble/lib'), ('BROWSER', '/home/docker/.vscode-server/bin/0ee08df0cf4527e40edc9aa28f4b5bd38bbff2b2/bin/helpers/browser.sh'), ('HOME', '/home/docker'), ('OLDPWD', '/home/docker/rpizero2w_ubuntu_dev/workspace'), ('TERM_PROGRAM_VERSION', '1.85.1'), ('VSCODE_IPC_HOOK_CLI', '/tmp/vscode-ipc-521b6d25-02ae-4cfd-a9a1-5d0de76a0501.sock'), ('ROS_PYTHON_VERSION', '3'), ('VSCODE_GIT_ASKPASS_MAIN', '/home/docker/.vscode-server/bin/0ee08df0cf4527e40edc9aa28f4b5bd38bbff2b2/extensions/git/dist/askpass-main.js'), ('VSCODE_GIT_ASKPASS_NODE', '/home/docker/.vscode-server/bin/0ee08df0cf4527e40edc9aa28f4b5bd38bbff2b2/node'), ('COLORTERM', 'truecolor'), ('REMOTE_CONTAINERS', 'true'), ('ROS_DISTRO', 'humble'), ('REMOTE_CONTAINERS_IPC', '/tmp/vscode-remote-containers-ipc-9144bcc4-66d7-4a9e-93b7-46b092b6e30f.sock'), ('_', '/usr/bin/colcon'), ('ROS_VERSION', '2'), ('TERM', 'xterm-256color'), ('DEBUG_COLORS', 'true'), ('ROS_LOCALHOST_ONLY', '0'), ('PATH', '/opt/ros/humble/bin:/home/docker/.vscode-server/bin/0ee08df0cf4527e40edc9aa28f4b5bd38bbff2b2/bin/remote-cli:/usr/local/sbin:/usr/local/bin:/usr/sbin:/usr/bin:/sbin:/bin:/snap/bin'), ('REMOTE_CONTAINERS_SOCKETS', '["/tmp/vscode-ssh-auth-9144bcc4-66d7-4a9e-93b7-46b092b6e30f.sock","/tmp/.X11-unix/X2","/home/docker/.gnupg/S.gpg-agent"]'), ('DISPLAY', ':1'), ('LANG', 'en_US.UTF-8'), ('VSCODE_GIT_IPC_HANDLE', '/tmp/vscode-git-5a0ba3ea8a.sock'), ('TERM_PROGRAM', 'vscode'), ('SSH_AUTH_SOCK', '/tmp/vscode-ssh-auth-9144bcc4-66d7-4a9e-93b7-46b092b6e30f.sock'), ('AMENT_PREFIX_PATH', '/opt/ros/humble'), ('DEBIAN_FRONTEND', 'noninteractive'), ('REMOTE_CONTAINERS_DISPLAY_SOCK', '/tmp/.X11-unix/X2'), ('SHELL', '/bin/bash'), ('VSCODE_GIT_ASKPASS_EXTRA_ARGS', ''), ('PWD', '/home/docker/rpizero2w_ubuntu_dev/workspace/src/build/cpp_pubsub'), ('LC_ALL', 'en_US.UTF-8'), ('XDG_DATA_DIRS', '/usr/local/share:/usr/share:/var/lib/snapd/desktop'), ('PYTHONPATH', '/opt/ros/humble/lib/python3.10/site-packages:/opt/ros/humble/local/lib/python3.10/dist-packages'), ('COLCON', '1'), ('CMAKE_PREFIX_PATH', '/opt/ros/humble')]), 'shell': False}
[3.270830] (cpp_pubsub) StdoutLine: {'line': b'-- Install configuration: ""\n'}
[3.270951] (cpp_pubsub) StdoutLine: {'line': b'-- Installing: /home/docker/rpizero2w_ubuntu_dev/workspace/src/install/cpp_pubsub/lib/cpp_pubsub/talker\n'}
[3.271612] (cpp_pubsub) StdoutLine: {'line': b'-- Set runtime path of "/home/docker/rpizero2w_ubuntu_dev/workspace/src/install/cpp_pubsub/lib/cpp_pubsub/talker" to ""\n'}
[3.271695] (cpp_pubsub) StdoutLine: {'line': b'-- Installing: /home/docker/rpizero2w_ubuntu_dev/workspace/src/install/cpp_pubsub/share/ament_index/resource_index/package_run_dependencies/cpp_pubsub\n'}
[3.271745] (cpp_pubsub) StdoutLine: {'line': b'-- Installing: /home/docker/rpizero2w_ubuntu_dev/workspace/src/install/cpp_pubsub/share/ament_index/resource_index/parent_prefix_path/cpp_pubsub\n'}
[3.271790] (cpp_pubsub) StdoutLine: {'line': b'-- Installing: /home/docker/rpizero2w_ubuntu_dev/workspace/src/install/cpp_pubsub/share/cpp_pubsub/environment/ament_prefix_path.sh\n'}
[3.271831] (cpp_pubsub) StdoutLine: {'line': b'-- Installing: /home/docker/rpizero2w_ubuntu_dev/workspace/src/install/cpp_pubsub/share/cpp_pubsub/environment/ament_prefix_path.dsv\n'}
[3.271894] (cpp_pubsub) StdoutLine: {'line': b'-- Installing: /home/docker/rpizero2w_ubuntu_dev/workspace/src/install/cpp_pubsub/share/cpp_pubsub/environment/path.sh\n'}
[3.271941] (cpp_pubsub) StdoutLine: {'line': b'-- Installing: /home/docker/rpizero2w_ubuntu_dev/workspace/src/install/cpp_pubsub/share/cpp_pubsub/environment/path.dsv\n'}
[3.271990] (cpp_pubsub) StdoutLine: {'line': b'-- Installing: /home/docker/rpizero2w_ubuntu_dev/workspace/src/install/cpp_pubsub/share/cpp_pubsub/local_setup.bash\n'}
[3.272045] (cpp_pubsub) StdoutLine: {'line': b'-- Installing: /home/docker/rpizero2w_ubuntu_dev/workspace/src/install/cpp_pubsub/share/cpp_pubsub/local_setup.sh\n'}
[3.272103] (cpp_pubsub) StdoutLine: {'line': b'-- Installing: /home/docker/rpizero2w_ubuntu_dev/workspace/src/install/cpp_pubsub/share/cpp_pubsub/local_setup.zsh\n'}
[3.272152] (cpp_pubsub) StdoutLine: {'line': b'-- Installing: /home/docker/rpizero2w_ubuntu_dev/workspace/src/install/cpp_pubsub/share/cpp_pubsub/local_setup.dsv\n'}
[3.272344] (cpp_pubsub) StdoutLine: {'line': b'-- Installing: /home/docker/rpizero2w_ubuntu_dev/workspace/src/install/cpp_pubsub/share/cpp_pubsub/package.dsv\n'}
[3.272417] (cpp_pubsub) StdoutLine: {'line': b'-- Installing: /home/docker/rpizero2w_ubuntu_dev/workspace/src/install/cpp_pubsub/share/ament_index/resource_index/packages/cpp_pubsub\n'}
[3.272472] (cpp_pubsub) StdoutLine: {'line': b'-- Installing: /home/docker/rpizero2w_ubuntu_dev/workspace/src/install/cpp_pubsub/share/cpp_pubsub/cmake/cpp_pubsubConfig.cmake\n'}
[3.272509] (cpp_pubsub) StdoutLine: {'line': b'-- Installing: /home/docker/rpizero2w_ubuntu_dev/workspace/src/install/cpp_pubsub/share/cpp_pubsub/cmake/cpp_pubsubConfig-version.cmake\n'}
[3.272548] (cpp_pubsub) StdoutLine: {'line': b'-- Installing: /home/docker/rpizero2w_ubuntu_dev/workspace/src/install/cpp_pubsub/share/cpp_pubsub/package.xml\n'}
[3.273589] (cpp_pubsub) CommandEnded: {'returncode': 0}
[3.309032] (-) TimerEvent: {}
[3.329514] (cpp_pubsub) JobEnded: {'identifier': 'cpp_pubsub', 'rc': 0}
[3.329842] (-) EventReactorShutdown: {}
