[0.368s] DEBUG:colcon:Command line arguments: ['/usr/bin/colcon', 'build', '--packages-select', 'cpp_pubsub']
[0.368s] DEBUG:colcon:Parsed command line arguments: Namespace(log_base=None, log_level=None, verb_name='build', build_base='build', install_base='install', merge_install=False, symlink_install=False, test_result_base=None, continue_on_error=False, executor='parallel', parallel_workers=20, event_handlers=None, ignore_user_meta=False, metas=['./colcon.meta'], base_paths=['.'], packages_ignore=None, packages_ignore_regex=None, paths=None, packages_up_to=None, packages_up_to_regex=None, packages_above=None, packages_above_and_dependencies=None, packages_above_depth=None, packages_select_by_dep=None, packages_skip_by_dep=None, packages_skip_up_to=None, packages_select_build_failed=False, packages_skip_build_finished=False, packages_select_test_failures=False, packages_skip_test_passed=False, packages_select=['cpp_pubsub'], packages_skip=None, packages_select_regex=None, packages_skip_regex=None, packages_start=None, packages_end=None, allow_overriding=[], cmake_args=None, cmake_target=None, cmake_target_skip_unavailable=False, cmake_clean_cache=False, cmake_clean_first=False, cmake_force_configure=False, ament_cmake_args=None, catkin_cmake_args=None, catkin_skip_building_tests=False, verb_parser=<colcon_defaults.argument_parser.defaults.DefaultArgumentsDecorator object at 0x7f1cdb1070d0>, verb_extension=<colcon_core.verb.build.BuildVerb object at 0x7f1cdb0f0d60>, main=<bound method BuildVerb.main of <colcon_core.verb.build.BuildVerb object at 0x7f1cdb0f0d60>>)
[0.388s] Level 1:colcon.colcon_core.package_discovery:discover_packages(colcon_meta) check parameters
[0.388s] Level 1:colcon.colcon_core.package_discovery:discover_packages(recursive) check parameters
[0.388s] Level 1:colcon.colcon_core.package_discovery:discover_packages(ignore) check parameters
[0.388s] Level 1:colcon.colcon_core.package_discovery:discover_packages(path) check parameters
[0.388s] Level 1:colcon.colcon_core.package_discovery:discover_packages(colcon_meta) discover
[0.388s] Level 1:colcon.colcon_core.package_discovery:discover_packages(recursive) discover
[0.388s] INFO:colcon.colcon_core.package_discovery:Crawling recursively for packages in '/home/docker/rpizero2w_ubuntu_dev/workspace/src'
[0.388s] Level 1:colcon.colcon_core.package_identification:_identify(.) by extensions ['ignore', 'ignore_ament_install']
[0.388s] Level 1:colcon.colcon_core.package_identification:_identify(.) by extension 'ignore'
[0.388s] Level 1:colcon.colcon_core.package_identification:_identify(.) by extension 'ignore_ament_install'
[0.388s] Level 1:colcon.colcon_core.package_identification:_identify(.) by extensions ['colcon_pkg']
[0.388s] Level 1:colcon.colcon_core.package_identification:_identify(.) by extension 'colcon_pkg'
[0.388s] Level 1:colcon.colcon_core.package_identification:_identify(.) by extensions ['colcon_meta']
[0.388s] Level 1:colcon.colcon_core.package_identification:_identify(.) by extension 'colcon_meta'
[0.388s] Level 1:colcon.colcon_core.package_identification:_identify(.) by extensions ['ros']
[0.388s] Level 1:colcon.colcon_core.package_identification:_identify(.) by extension 'ros'
[0.395s] Level 1:colcon.colcon_core.package_identification:_identify(.) by extensions ['cmake', 'python']
[0.395s] Level 1:colcon.colcon_core.package_identification:_identify(.) by extension 'cmake'
[0.395s] Level 1:colcon.colcon_core.package_identification:_identify(.) by extension 'python'
[0.395s] Level 1:colcon.colcon_core.package_identification:_identify(.) by extensions ['python_setup_py']
[0.395s] Level 1:colcon.colcon_core.package_identification:_identify(.) by extension 'python_setup_py'
[0.395s] Level 1:colcon.colcon_core.package_identification:_identify(build) by extensions ['ignore', 'ignore_ament_install']
[0.395s] Level 1:colcon.colcon_core.package_identification:_identify(build) by extension 'ignore'
[0.395s] Level 1:colcon.colcon_core.package_identification:_identify(build) ignored
[0.395s] Level 1:colcon.colcon_core.package_identification:_identify(cpp_pubsub) by extensions ['ignore', 'ignore_ament_install']
[0.395s] Level 1:colcon.colcon_core.package_identification:_identify(cpp_pubsub) by extension 'ignore'
[0.395s] Level 1:colcon.colcon_core.package_identification:_identify(cpp_pubsub) by extension 'ignore_ament_install'
[0.395s] Level 1:colcon.colcon_core.package_identification:_identify(cpp_pubsub) by extensions ['colcon_pkg']
[0.395s] Level 1:colcon.colcon_core.package_identification:_identify(cpp_pubsub) by extension 'colcon_pkg'
[0.395s] Level 1:colcon.colcon_core.package_identification:_identify(cpp_pubsub) by extensions ['colcon_meta']
[0.395s] Level 1:colcon.colcon_core.package_identification:_identify(cpp_pubsub) by extension 'colcon_meta'
[0.395s] Level 1:colcon.colcon_core.package_identification:_identify(cpp_pubsub) by extensions ['ros']
[0.395s] Level 1:colcon.colcon_core.package_identification:_identify(cpp_pubsub) by extension 'ros'
[0.397s] DEBUG:colcon.colcon_core.package_identification:Package 'cpp_pubsub' with type 'ros.ament_cmake' and name 'cpp_pubsub'
[0.397s] Level 1:colcon.colcon_core.package_identification:_identify(install) by extensions ['ignore', 'ignore_ament_install']
[0.397s] Level 1:colcon.colcon_core.package_identification:_identify(install) by extension 'ignore'
[0.397s] Level 1:colcon.colcon_core.package_identification:_identify(install) ignored
[0.397s] Level 1:colcon.colcon_core.package_identification:_identify(log) by extensions ['ignore', 'ignore_ament_install']
[0.397s] Level 1:colcon.colcon_core.package_identification:_identify(log) by extension 'ignore'
[0.397s] Level 1:colcon.colcon_core.package_identification:_identify(log) ignored
[0.397s] Level 1:colcon.colcon_core.package_identification:_identify(mpu6050) by extensions ['ignore', 'ignore_ament_install']
[0.397s] Level 1:colcon.colcon_core.package_identification:_identify(mpu6050) by extension 'ignore'
[0.397s] Level 1:colcon.colcon_core.package_identification:_identify(mpu6050) by extension 'ignore_ament_install'
[0.397s] Level 1:colcon.colcon_core.package_identification:_identify(mpu6050) by extensions ['colcon_pkg']
[0.397s] Level 1:colcon.colcon_core.package_identification:_identify(mpu6050) by extension 'colcon_pkg'
[0.397s] Level 1:colcon.colcon_core.package_identification:_identify(mpu6050) by extensions ['colcon_meta']
[0.397s] Level 1:colcon.colcon_core.package_identification:_identify(mpu6050) by extension 'colcon_meta'
[0.397s] Level 1:colcon.colcon_core.package_identification:_identify(mpu6050) by extensions ['ros']
[0.397s] Level 1:colcon.colcon_core.package_identification:_identify(mpu6050) by extension 'ros'
[0.398s] DEBUG:colcon.colcon_core.package_identification:Package 'mpu6050' with type 'ros.ament_cmake' and name 'mpu6050'
[0.398s] Level 1:colcon.colcon_core.package_discovery:discover_packages(recursive) using defaults
[0.398s] Level 1:colcon.colcon_core.package_discovery:discover_packages(ignore) discover
[0.398s] Level 1:colcon.colcon_core.package_discovery:discover_packages(ignore) using defaults
[0.398s] Level 1:colcon.colcon_core.package_discovery:discover_packages(path) discover
[0.398s] Level 1:colcon.colcon_core.package_discovery:discover_packages(path) using defaults
[0.423s] INFO:colcon.colcon_core.package_selection:Skipping not selected package 'mpu6050' in 'mpu6050'
[0.433s] Level 1:colcon.colcon_core.package_discovery:discover_packages(prefix_path) check parameters
[0.433s] Level 1:colcon.colcon_core.package_discovery:discover_packages(prefix_path) discover
[0.443s] DEBUG:colcon.colcon_installed_package_information.package_discovery:Found 182 installed packages in /opt/ros/humble
[0.443s] Level 1:colcon.colcon_core.package_discovery:discover_packages(prefix_path) using defaults
[0.473s] Level 5:colcon.colcon_core.verb:set package 'cpp_pubsub' build argument 'cmake_args' from command line to 'None'
[0.473s] Level 5:colcon.colcon_core.verb:set package 'cpp_pubsub' build argument 'cmake_target' from command line to 'None'
[0.473s] Level 5:colcon.colcon_core.verb:set package 'cpp_pubsub' build argument 'cmake_target_skip_unavailable' from command line to 'False'
[0.473s] Level 5:colcon.colcon_core.verb:set package 'cpp_pubsub' build argument 'cmake_clean_cache' from command line to 'False'
[0.473s] Level 5:colcon.colcon_core.verb:set package 'cpp_pubsub' build argument 'cmake_clean_first' from command line to 'False'
[0.473s] Level 5:colcon.colcon_core.verb:set package 'cpp_pubsub' build argument 'cmake_force_configure' from command line to 'False'
[0.473s] Level 5:colcon.colcon_core.verb:set package 'cpp_pubsub' build argument 'ament_cmake_args' from command line to 'None'
[0.473s] Level 5:colcon.colcon_core.verb:set package 'cpp_pubsub' build argument 'catkin_cmake_args' from command line to 'None'
[0.473s] Level 5:colcon.colcon_core.verb:set package 'cpp_pubsub' build argument 'catkin_skip_building_tests' from command line to 'False'
[0.473s] DEBUG:colcon.colcon_core.verb:Building package 'cpp_pubsub' with the following arguments: {'ament_cmake_args': None, 'build_base': '/home/docker/rpizero2w_ubuntu_dev/workspace/src/build/cpp_pubsub', 'catkin_cmake_args': None, 'catkin_skip_building_tests': False, 'cmake_args': None, 'cmake_clean_cache': False, 'cmake_clean_first': False, 'cmake_force_configure': False, 'cmake_target': None, 'cmake_target_skip_unavailable': False, 'install_base': '/home/docker/rpizero2w_ubuntu_dev/workspace/src/install/cpp_pubsub', 'merge_install': False, 'path': '/home/docker/rpizero2w_ubuntu_dev/workspace/src/cpp_pubsub', 'symlink_install': False, 'test_result_base': None}
[0.478s] INFO:colcon.colcon_core.executor:Executing jobs using 'parallel' executor
[0.483s] DEBUG:colcon.colcon_parallel_executor.executor.parallel:run_until_complete
[0.484s] INFO:colcon.colcon_ros.task.ament_cmake.build:Building ROS package in '/home/docker/rpizero2w_ubuntu_dev/workspace/src/cpp_pubsub' with build type 'ament_cmake'
[0.484s] INFO:colcon.colcon_cmake.task.cmake.build:Building CMake package in '/home/docker/rpizero2w_ubuntu_dev/workspace/src/cpp_pubsub'
[0.491s] INFO:colcon.colcon_core.plugin_system:Skipping extension 'colcon_core.shell.bat': Not used on non-Windows systems
[0.491s] INFO:colcon.colcon_core.shell:Skip shell extension 'powershell' for command environment: Not usable outside of PowerShell
[0.491s] DEBUG:colcon.colcon_core.shell:Skip shell extension 'dsv' for command environment
[0.505s] DEBUG:colcon.colcon_core.event_handler.log_command:Invoking command in '/home/docker/rpizero2w_ubuntu_dev/workspace/src/build/cpp_pubsub': CMAKE_PREFIX_PATH=/opt/ros/humble /usr/bin/cmake /home/docker/rpizero2w_ubuntu_dev/workspace/src/cpp_pubsub -DCMAKE_INSTALL_PREFIX=/home/docker/rpizero2w_ubuntu_dev/workspace/src/install/cpp_pubsub
[1.265s] DEBUG:colcon.colcon_core.event_handler.log_command:Invoked command in '/home/docker/rpizero2w_ubuntu_dev/workspace/src/build/cpp_pubsub' returned '0': CMAKE_PREFIX_PATH=/opt/ros/humble /usr/bin/cmake /home/docker/rpizero2w_ubuntu_dev/workspace/src/cpp_pubsub -DCMAKE_INSTALL_PREFIX=/home/docker/rpizero2w_ubuntu_dev/workspace/src/install/cpp_pubsub
[1.265s] DEBUG:colcon.colcon_core.event_handler.log_command:Invoking command in '/home/docker/rpizero2w_ubuntu_dev/workspace/src/build/cpp_pubsub': CMAKE_PREFIX_PATH=/opt/ros/humble /usr/bin/cmake --build /home/docker/rpizero2w_ubuntu_dev/workspace/src/build/cpp_pubsub -- -j20 -l20
[3.733s] DEBUG:colcon.colcon_core.event_handler.log_command:Invoked command in '/home/docker/rpizero2w_ubuntu_dev/workspace/src/build/cpp_pubsub' returned '0': CMAKE_PREFIX_PATH=/opt/ros/humble /usr/bin/cmake --build /home/docker/rpizero2w_ubuntu_dev/workspace/src/build/cpp_pubsub -- -j20 -l20
[3.750s] DEBUG:colcon.colcon_core.event_handler.log_command:Invoking command in '/home/docker/rpizero2w_ubuntu_dev/workspace/src/build/cpp_pubsub': CMAKE_PREFIX_PATH=/opt/ros/humble /usr/bin/cmake --install /home/docker/rpizero2w_ubuntu_dev/workspace/src/build/cpp_pubsub
[3.757s] Level 1:colcon.colcon_core.environment:create_environment_scripts_only(cpp_pubsub)
[3.757s] DEBUG:colcon.colcon_core.event_handler.log_command:Invoked command in '/home/docker/rpizero2w_ubuntu_dev/workspace/src/build/cpp_pubsub' returned '0': CMAKE_PREFIX_PATH=/opt/ros/humble /usr/bin/cmake --install /home/docker/rpizero2w_ubuntu_dev/workspace/src/build/cpp_pubsub
[3.765s] Level 1:colcon.colcon_core.environment:checking '/home/docker/rpizero2w_ubuntu_dev/workspace/src/install/cpp_pubsub' for CMake module files
[3.765s] Level 1:colcon.colcon_core.environment:checking '/home/docker/rpizero2w_ubuntu_dev/workspace/src/install/cpp_pubsub' for CMake config files
[3.765s] Level 1:colcon.colcon_core.shell:create_environment_hook('cpp_pubsub', 'cmake_prefix_path')
[3.770s] INFO:colcon.colcon_core.shell:Creating environment hook '/home/docker/rpizero2w_ubuntu_dev/workspace/src/install/cpp_pubsub/share/cpp_pubsub/hook/cmake_prefix_path.ps1'
[3.770s] INFO:colcon.colcon_core.shell:Creating environment descriptor '/home/docker/rpizero2w_ubuntu_dev/workspace/src/install/cpp_pubsub/share/cpp_pubsub/hook/cmake_prefix_path.dsv'
[3.771s] INFO:colcon.colcon_core.shell:Creating environment hook '/home/docker/rpizero2w_ubuntu_dev/workspace/src/install/cpp_pubsub/share/cpp_pubsub/hook/cmake_prefix_path.sh'
[3.771s] Level 1:colcon.colcon_core.environment:checking '/home/docker/rpizero2w_ubuntu_dev/workspace/src/install/cpp_pubsub/lib'
[3.771s] Level 1:colcon.colcon_core.environment:checking '/home/docker/rpizero2w_ubuntu_dev/workspace/src/install/cpp_pubsub/bin'
[3.771s] Level 1:colcon.colcon_core.environment:checking '/home/docker/rpizero2w_ubuntu_dev/workspace/src/install/cpp_pubsub/lib/pkgconfig/cpp_pubsub.pc'
[3.771s] Level 1:colcon.colcon_core.environment:checking '/home/docker/rpizero2w_ubuntu_dev/workspace/src/install/cpp_pubsub/lib/python3.10/site-packages'
[3.772s] Level 1:colcon.colcon_core.environment:checking '/home/docker/rpizero2w_ubuntu_dev/workspace/src/install/cpp_pubsub/bin'
[3.776s] INFO:colcon.colcon_core.shell:Creating package script '/home/docker/rpizero2w_ubuntu_dev/workspace/src/install/cpp_pubsub/share/cpp_pubsub/package.ps1'
[3.776s] INFO:colcon.colcon_core.shell:Creating package descriptor '/home/docker/rpizero2w_ubuntu_dev/workspace/src/install/cpp_pubsub/share/cpp_pubsub/package.dsv'
[3.777s] INFO:colcon.colcon_core.shell:Creating package script '/home/docker/rpizero2w_ubuntu_dev/workspace/src/install/cpp_pubsub/share/cpp_pubsub/package.sh'
[3.777s] INFO:colcon.colcon_core.shell:Creating package script '/home/docker/rpizero2w_ubuntu_dev/workspace/src/install/cpp_pubsub/share/cpp_pubsub/package.bash'
[3.777s] INFO:colcon.colcon_core.shell:Creating package script '/home/docker/rpizero2w_ubuntu_dev/workspace/src/install/cpp_pubsub/share/cpp_pubsub/package.zsh'
[3.778s] Level 1:colcon.colcon_core.environment:create_file_with_runtime_dependencies(/home/docker/rpizero2w_ubuntu_dev/workspace/src/install/cpp_pubsub/share/colcon-core/packages/cpp_pubsub)
[3.796s] Level 1:colcon.colcon_core.environment:create_environment_scripts_only(cpp_pubsub)
[3.800s] Level 1:colcon.colcon_core.environment:checking '/home/docker/rpizero2w_ubuntu_dev/workspace/src/install/cpp_pubsub' for CMake module files
[3.801s] Level 1:colcon.colcon_core.environment:checking '/home/docker/rpizero2w_ubuntu_dev/workspace/src/install/cpp_pubsub' for CMake config files
[3.801s] Level 1:colcon.colcon_core.shell:create_environment_hook('cpp_pubsub', 'cmake_prefix_path')
[3.805s] INFO:colcon.colcon_core.shell:Creating environment hook '/home/docker/rpizero2w_ubuntu_dev/workspace/src/install/cpp_pubsub/share/cpp_pubsub/hook/cmake_prefix_path.ps1'
[3.806s] INFO:colcon.colcon_core.shell:Creating environment descriptor '/home/docker/rpizero2w_ubuntu_dev/workspace/src/install/cpp_pubsub/share/cpp_pubsub/hook/cmake_prefix_path.dsv'
[3.806s] INFO:colcon.colcon_core.shell:Creating environment hook '/home/docker/rpizero2w_ubuntu_dev/workspace/src/install/cpp_pubsub/share/cpp_pubsub/hook/cmake_prefix_path.sh'
[3.806s] Level 1:colcon.colcon_core.environment:checking '/home/docker/rpizero2w_ubuntu_dev/workspace/src/install/cpp_pubsub/lib'
[3.806s] Level 1:colcon.colcon_core.environment:checking '/home/docker/rpizero2w_ubuntu_dev/workspace/src/install/cpp_pubsub/bin'
[3.806s] Level 1:colcon.colcon_core.environment:checking '/home/docker/rpizero2w_ubuntu_dev/workspace/src/install/cpp_pubsub/lib/pkgconfig/cpp_pubsub.pc'
[3.806s] Level 1:colcon.colcon_core.environment:checking '/home/docker/rpizero2w_ubuntu_dev/workspace/src/install/cpp_pubsub/lib/python3.10/site-packages'
[3.806s] Level 1:colcon.colcon_core.environment:checking '/home/docker/rpizero2w_ubuntu_dev/workspace/src/install/cpp_pubsub/bin'
[3.811s] INFO:colcon.colcon_core.shell:Creating package script '/home/docker/rpizero2w_ubuntu_dev/workspace/src/install/cpp_pubsub/share/cpp_pubsub/package.ps1'
[3.812s] INFO:colcon.colcon_core.shell:Creating package descriptor '/home/docker/rpizero2w_ubuntu_dev/workspace/src/install/cpp_pubsub/share/cpp_pubsub/package.dsv'
[3.812s] INFO:colcon.colcon_core.shell:Creating package script '/home/docker/rpizero2w_ubuntu_dev/workspace/src/install/cpp_pubsub/share/cpp_pubsub/package.sh'
[3.812s] INFO:colcon.colcon_core.shell:Creating package script '/home/docker/rpizero2w_ubuntu_dev/workspace/src/install/cpp_pubsub/share/cpp_pubsub/package.bash'
[3.812s] INFO:colcon.colcon_core.shell:Creating package script '/home/docker/rpizero2w_ubuntu_dev/workspace/src/install/cpp_pubsub/share/cpp_pubsub/package.zsh'
[3.812s] Level 1:colcon.colcon_core.environment:create_file_with_runtime_dependencies(/home/docker/rpizero2w_ubuntu_dev/workspace/src/install/cpp_pubsub/share/colcon-core/packages/cpp_pubsub)
[3.812s] DEBUG:colcon.colcon_parallel_executor.executor.parallel:closing loop
[3.812s] DEBUG:colcon.colcon_parallel_executor.executor.parallel:loop closed
[3.812s] DEBUG:colcon.colcon_parallel_executor.executor.parallel:run_until_complete finished with '0'
[3.812s] DEBUG:colcon.colcon_core.event_reactor:joining thread
[3.820s] INFO:colcon.colcon_core.plugin_system:Skipping extension 'colcon_notification.desktop_notification.notify_send': Could not find 'notify-send'
[3.820s] INFO:colcon.colcon_core.plugin_system:Skipping extension 'colcon_notification.desktop_notification.terminal_notifier': Not used on non-Darwin systems
[3.820s] INFO:colcon.colcon_core.plugin_system:Skipping extension 'colcon_notification.desktop_notification.win32': Not used on non-Windows systems
[3.820s] INFO:colcon.colcon_notification.desktop_notification:Sending desktop notification using 'notify2'
[3.822s] DEBUG:colcon.colcon_notification.desktop_notification.notify2:Failed to initialize notify2: org.freedesktop.DBus.Error.Spawn.ExecFailed: /usr/bin/dbus-launch terminated abnormally without any error message
[3.822s] DEBUG:colcon.colcon_core.event_reactor:joined thread
[3.827s] INFO:colcon.colcon_core.shell:Creating prefix script '/home/docker/rpizero2w_ubuntu_dev/workspace/src/install/local_setup.ps1'
[3.828s] INFO:colcon.colcon_core.shell:Creating prefix util module '/home/docker/rpizero2w_ubuntu_dev/workspace/src/install/_local_setup_util_ps1.py'
[3.828s] INFO:colcon.colcon_core.shell:Creating prefix chain script '/home/docker/rpizero2w_ubuntu_dev/workspace/src/install/setup.ps1'
[3.833s] INFO:colcon.colcon_core.shell:Creating prefix script '/home/docker/rpizero2w_ubuntu_dev/workspace/src/install/local_setup.sh'
[3.834s] INFO:colcon.colcon_core.shell:Creating prefix util module '/home/docker/rpizero2w_ubuntu_dev/workspace/src/install/_local_setup_util_sh.py'
[3.834s] INFO:colcon.colcon_core.shell:Creating prefix chain script '/home/docker/rpizero2w_ubuntu_dev/workspace/src/install/setup.sh'
[3.839s] INFO:colcon.colcon_core.shell:Creating prefix script '/home/docker/rpizero2w_ubuntu_dev/workspace/src/install/local_setup.bash'
[3.839s] INFO:colcon.colcon_core.shell:Creating prefix chain script '/home/docker/rpizero2w_ubuntu_dev/workspace/src/install/setup.bash'
[3.845s] INFO:colcon.colcon_core.shell:Creating prefix script '/home/docker/rpizero2w_ubuntu_dev/workspace/src/install/local_setup.zsh'
[3.845s] INFO:colcon.colcon_core.shell:Creating prefix chain script '/home/docker/rpizero2w_ubuntu_dev/workspace/src/install/setup.zsh'
