[0.010s] Invoking command in '/home/rpizero2w_ubuntu_clone/workspace/build/mpu6050': /usr/bin/cmake /home/rpizero2w_ubuntu_clone/workspace/src/mpu6050 -DCMAKE_INSTALL_PREFIX=/home/rpizero2w_ubuntu_clone/workspace/install/mpu6050
[0.061s] -- The C compiler identification is GNU 11.4.0
[0.106s] -- The CXX compiler identification is GNU 11.4.0
[0.114s] -- Detecting C compiler ABI info
[0.154s] -- Detecting C compiler ABI info - done
[0.158s] -- Check for working C compiler: /usr/bin/cc - skipped
[0.159s] -- Detecting C compile features
[0.159s] -- Detecting C compile features - done
[0.162s] -- Detecting CXX compiler ABI info
[0.204s] -- Detecting CXX compiler ABI info - done
[0.208s] -- Check for working CXX compiler: /usr/bin/c++ - skipped
[0.208s] -- Detecting CXX compile features
[0.209s] -- Detecting CXX compile features - done
[0.212s] -- Configuring incomplete, errors occurred!
[0.212s] See also "/home/rpizero2w_ubuntu_clone/workspace/build/mpu6050/CMakeFiles/CMakeOutput.log".
[0.212s] [31mCMake Error at CMakeLists.txt:9 (find_package):
[0.212s]   By not providing "Findament_cmake.cmake" in CMAKE_MODULE_PATH this project
[0.212s]   has asked CMake to find a package configuration file provided by
[0.212s]   "ament_cmake", but CMake did not find one.
[0.212s] 
[0.212s]   Could not find a package configuration file provided by "ament_cmake" with
[0.212s]   any of the following names:
[0.212s] 
[0.212s]     ament_cmakeConfig.cmake
[0.212s]     ament_cmake-config.cmake
[0.212s] 
[0.212s]   Add the installation prefix of "ament_cmake" to CMAKE_PREFIX_PATH or set
[0.213s]   "ament_cmake_DIR" to a directory containing one of the above files.  If
[0.213s]   "ament_cmake" provides a separate development package or SDK, be sure it
[0.213s]   has been installed.
[0.213s] 
[0.213s] [0m
[0.214s] Invoked command in '/home/rpizero2w_ubuntu_clone/workspace/build/mpu6050' returned '1': /usr/bin/cmake /home/rpizero2w_ubuntu_clone/workspace/src/mpu6050 -DCMAKE_INSTALL_PREFIX=/home/rpizero2w_ubuntu_clone/workspace/install/mpu6050
