[0.025s] Invoking command in '/home/docker/rpizero2w_ubuntu_dev/workspace/src/build/mpu6050': CMAKE_PREFIX_PATH=${CMAKE_PREFIX_PATH}:/opt/ros/humble /usr/bin/cmake --build /home/docker/rpizero2w_ubuntu_dev/workspace/src/build/mpu6050 -- -j20 -l20
[0.040s] -- Found ament_cmake: 1.3.6 (/opt/ros/humble/share/ament_cmake/cmake)
[0.119s] -- Found rclcpp: 16.0.7 (/opt/ros/humble/share/rclcpp/cmake)
[0.134s] -- Found rosidl_generator_c: 3.1.5 (/opt/ros/humble/share/rosidl_generator_c/cmake)
[0.135s] -- Found rosidl_adapter: 3.1.5 (/opt/ros/humble/share/rosidl_adapter/cmake)
[0.138s] -- Found rosidl_generator_cpp: 3.1.5 (/opt/ros/humble/share/rosidl_generator_cpp/cmake)
[0.144s] -- Using all available rosidl_typesupport_c: rosidl_typesupport_fastrtps_c;rosidl_typesupport_introspection_c
[0.153s] -- Using all available rosidl_typesupport_cpp: rosidl_typesupport_fastrtps_cpp;rosidl_typesupport_introspection_cpp
[0.187s] -- Found rmw_implementation_cmake: 6.1.1 (/opt/ros/humble/share/rmw_implementation_cmake/cmake)
[0.187s] -- Found rmw_fastrtps_cpp: 6.2.5 (/opt/ros/humble/share/rmw_fastrtps_cpp/cmake)
[0.243s] -- Using RMW implementation 'rmw_fastrtps_cpp' as default
[0.330s] -- Found geometry_msgs: 4.2.3 (/opt/ros/humble/share/geometry_msgs/cmake)
[0.355s] -- Found tf2: 0.25.5 (/opt/ros/humble/share/tf2/cmake)
[0.359s] -- Found tf2_ros: 0.25.5 (/opt/ros/humble/share/tf2_ros/cmake)
[0.548s] [31mCMake Error at CMakeLists.txt:25 (target_link_libraries):
[0.548s]   Cannot specify link libraries for target "mpu6050_pub" which is not built
[0.548s]   by this project.
[0.548s] 
[0.548s] [0m
[0.548s] -- Configuring incomplete, errors occurred!
[0.548s] See also "/home/docker/rpizero2w_ubuntu_dev/workspace/src/build/mpu6050/CMakeFiles/CMakeOutput.log".
[0.551s] gmake: *** [Makefile:294: cmake_check_build_system] Error 1
[0.553s] Invoked command in '/home/docker/rpizero2w_ubuntu_dev/workspace/src/build/mpu6050' returned '2': CMAKE_PREFIX_PATH=${CMAKE_PREFIX_PATH}:/opt/ros/humble /usr/bin/cmake --build /home/docker/rpizero2w_ubuntu_dev/workspace/src/build/mpu6050 -- -j20 -l20
