[0.000000] (-) TimerEvent: {}
[0.000440] (-) JobUnselected: {'identifier': 'cpp_pubsub'}
[0.000478] (mpu6050) JobQueued: {'identifier': 'mpu6050', 'dependencies': OrderedDict()}
[0.000829] (mpu6050) JobStarted: {'identifier': 'mpu6050'}
[0.023176] (mpu6050) JobProgress: {'identifier': 'mpu6050', 'progress': 'cmake'}
[0.023584] (mpu6050) JobProgress: {'identifier': 'mpu6050', 'progress': 'build'}
[0.024053] (mpu6050) Command: {'cmd': ['/usr/bin/cmake', '--build', '/home/docker/rpizero2w_ubuntu_dev/workspace/src/build/mpu6050', '--', '-j20', '-l20'], 'cwd': '/home/docker/rpizero2w_ubuntu_dev/workspace/src/build/mpu6050', 'env': OrderedDict([('HOSTNAME', 'phoenix'), ('GIT_ASKPASS', '/home/docker/.vscode-server/bin/0ee08df0cf4527e40edc9aa28f4b5bd38bbff2b2/extensions/git/dist/askpass.sh'), ('SHLVL', '2'), ('LD_LIBRARY_PATH', '/opt/ros/humble/lib/x86_64-linux-gnu:/opt/ros/humble/lib'), ('BROWSER', '/home/docker/.vscode-server/bin/0ee08df0cf4527e40edc9aa28f4b5bd38bbff2b2/bin/helpers/browser.sh'), ('HOME', '/home/docker'), ('OLDPWD', '/home/docker/rpizero2w_ubuntu_dev/workspace'), ('TERM_PROGRAM_VERSION', '1.85.1'), ('VSCODE_IPC_HOOK_CLI', '/tmp/vscode-ipc-521b6d25-02ae-4cfd-a9a1-5d0de76a0501.sock'), ('ROS_PYTHON_VERSION', '3'), ('VSCODE_GIT_ASKPASS_MAIN', '/home/docker/.vscode-server/bin/0ee08df0cf4527e40edc9aa28f4b5bd38bbff2b2/extensions/git/dist/askpass-main.js'), ('VSCODE_GIT_ASKPASS_NODE', '/home/docker/.vscode-server/bin/0ee08df0cf4527e40edc9aa28f4b5bd38bbff2b2/node'), ('COLORTERM', 'truecolor'), ('REMOTE_CONTAINERS', 'true'), ('COLCON_PREFIX_PATH', '/home/docker/rpizero2w_ubuntu_dev/workspace/src/install'), ('ROS_DISTRO', 'humble'), ('REMOTE_CONTAINERS_IPC', '/tmp/vscode-remote-containers-ipc-9144bcc4-66d7-4a9e-93b7-46b092b6e30f.sock'), ('_', '/usr/bin/colcon'), ('ROS_VERSION', '2'), ('TERM', 'xterm-256color'), ('DEBUG_COLORS', 'true'), ('ROS_LOCALHOST_ONLY', '0'), ('PATH', '/opt/ros/humble/bin:/home/docker/.vscode-server/bin/0ee08df0cf4527e40edc9aa28f4b5bd38bbff2b2/bin/remote-cli:/usr/local/sbin:/usr/local/bin:/usr/sbin:/usr/bin:/sbin:/bin:/snap/bin'), ('REMOTE_CONTAINERS_SOCKETS', '["/tmp/vscode-ssh-auth-9144bcc4-66d7-4a9e-93b7-46b092b6e30f.sock","/tmp/.X11-unix/X2","/home/docker/.gnupg/S.gpg-agent"]'), ('DISPLAY', ':1'), ('LANG', 'en_US.UTF-8'), ('VSCODE_GIT_IPC_HANDLE', '/tmp/vscode-git-5a0ba3ea8a.sock'), ('TERM_PROGRAM', 'vscode'), ('SSH_AUTH_SOCK', '/tmp/vscode-ssh-auth-9144bcc4-66d7-4a9e-93b7-46b092b6e30f.sock'), ('AMENT_PREFIX_PATH', '/home/docker/rpizero2w_ubuntu_dev/workspace/src/install/mpu6050:/home/docker/rpizero2w_ubuntu_dev/workspace/src/install/cpp_pubsub:/opt/ros/humble'), ('DEBIAN_FRONTEND', 'noninteractive'), ('REMOTE_CONTAINERS_DISPLAY_SOCK', '/tmp/.X11-unix/X2'), ('SHELL', '/bin/bash'), ('VSCODE_GIT_ASKPASS_EXTRA_ARGS', ''), ('PWD', '/home/docker/rpizero2w_ubuntu_dev/workspace/src/build/mpu6050'), ('LC_ALL', 'en_US.UTF-8'), ('XDG_DATA_DIRS', '/usr/local/share:/usr/share:/var/lib/snapd/desktop'), ('PYTHONPATH', '/opt/ros/humble/lib/python3.10/site-packages:/opt/ros/humble/local/lib/python3.10/dist-packages'), ('COLCON', '1'), ('CMAKE_PREFIX_PATH', '/home/docker/rpizero2w_ubuntu_dev/workspace/src/install/mpu6050:/home/docker/rpizero2w_ubuntu_dev/workspace/src/install/cpp_pubsub:/opt/ros/humble')]), 'shell': False}
[0.058729] (mpu6050) StdoutLine: {'line': b'[ 33%] \x1b[32mBuilding CXX object CMakeFiles/mpu_6050_pub.dir/src/mpu6050_pub.cpp.o\x1b[0m\n'}
[0.100076] (-) TimerEvent: {}
[0.200319] (-) TimerEvent: {}
[0.300700] (-) TimerEvent: {}
[0.401078] (-) TimerEvent: {}
[0.501362] (-) TimerEvent: {}
[0.601765] (-) TimerEvent: {}
[0.702150] (-) TimerEvent: {}
[0.802436] (-) TimerEvent: {}
[0.902724] (-) TimerEvent: {}
[1.002979] (-) TimerEvent: {}
[1.103374] (-) TimerEvent: {}
[1.203751] (-) TimerEvent: {}
[1.304081] (-) TimerEvent: {}
[1.404403] (-) TimerEvent: {}
[1.504662] (-) TimerEvent: {}
[1.605071] (-) TimerEvent: {}
[1.705458] (-) TimerEvent: {}
[1.805823] (-) TimerEvent: {}
[1.906216] (-) TimerEvent: {}
[2.006512] (-) TimerEvent: {}
[2.106794] (-) TimerEvent: {}
[2.153435] (mpu6050) StdoutLine: {'line': b'[ 66%] \x1b[32m\x1b[1mLinking CXX executable mpu_6050_pub\x1b[0m\n'}
[2.206927] (-) TimerEvent: {}
[2.263036] (mpu6050) StdoutLine: {'line': b'[100%] Built target mpu_6050_pub\n'}
[2.274617] (mpu6050) CommandEnded: {'returncode': 0}
[2.288893] (mpu6050) JobProgress: {'identifier': 'mpu6050', 'progress': 'install'}
[2.293816] (mpu6050) Command: {'cmd': ['/usr/bin/cmake', '--install', '/home/docker/rpizero2w_ubuntu_dev/workspace/src/build/mpu6050'], 'cwd': '/home/docker/rpizero2w_ubuntu_dev/workspace/src/build/mpu6050', 'env': OrderedDict([('HOSTNAME', 'phoenix'), ('GIT_ASKPASS', '/home/docker/.vscode-server/bin/0ee08df0cf4527e40edc9aa28f4b5bd38bbff2b2/extensions/git/dist/askpass.sh'), ('SHLVL', '2'), ('LD_LIBRARY_PATH', '/opt/ros/humble/lib/x86_64-linux-gnu:/opt/ros/humble/lib'), ('BROWSER', '/home/docker/.vscode-server/bin/0ee08df0cf4527e40edc9aa28f4b5bd38bbff2b2/bin/helpers/browser.sh'), ('HOME', '/home/docker'), ('OLDPWD', '/home/docker/rpizero2w_ubuntu_dev/workspace'), ('TERM_PROGRAM_VERSION', '1.85.1'), ('VSCODE_IPC_HOOK_CLI', '/tmp/vscode-ipc-521b6d25-02ae-4cfd-a9a1-5d0de76a0501.sock'), ('ROS_PYTHON_VERSION', '3'), ('VSCODE_GIT_ASKPASS_MAIN', '/home/docker/.vscode-server/bin/0ee08df0cf4527e40edc9aa28f4b5bd38bbff2b2/extensions/git/dist/askpass-main.js'), ('VSCODE_GIT_ASKPASS_NODE', '/home/docker/.vscode-server/bin/0ee08df0cf4527e40edc9aa28f4b5bd38bbff2b2/node'), ('COLORTERM', 'truecolor'), ('REMOTE_CONTAINERS', 'true'), ('COLCON_PREFIX_PATH', '/home/docker/rpizero2w_ubuntu_dev/workspace/src/install'), ('ROS_DISTRO', 'humble'), ('REMOTE_CONTAINERS_IPC', '/tmp/vscode-remote-containers-ipc-9144bcc4-66d7-4a9e-93b7-46b092b6e30f.sock'), ('_', '/usr/bin/colcon'), ('ROS_VERSION', '2'), ('TERM', 'xterm-256color'), ('DEBUG_COLORS', 'true'), ('ROS_LOCALHOST_ONLY', '0'), ('PATH', '/opt/ros/humble/bin:/home/docker/.vscode-server/bin/0ee08df0cf4527e40edc9aa28f4b5bd38bbff2b2/bin/remote-cli:/usr/local/sbin:/usr/local/bin:/usr/sbin:/usr/bin:/sbin:/bin:/snap/bin'), ('REMOTE_CONTAINERS_SOCKETS', '["/tmp/vscode-ssh-auth-9144bcc4-66d7-4a9e-93b7-46b092b6e30f.sock","/tmp/.X11-unix/X2","/home/docker/.gnupg/S.gpg-agent"]'), ('DISPLAY', ':1'), ('LANG', 'en_US.UTF-8'), ('VSCODE_GIT_IPC_HANDLE', '/tmp/vscode-git-5a0ba3ea8a.sock'), ('TERM_PROGRAM', 'vscode'), ('SSH_AUTH_SOCK', '/tmp/vscode-ssh-auth-9144bcc4-66d7-4a9e-93b7-46b092b6e30f.sock'), ('AMENT_PREFIX_PATH', '/home/docker/rpizero2w_ubuntu_dev/workspace/src/install/mpu6050:/home/docker/rpizero2w_ubuntu_dev/workspace/src/install/cpp_pubsub:/opt/ros/humble'), ('DEBIAN_FRONTEND', 'noninteractive'), ('REMOTE_CONTAINERS_DISPLAY_SOCK', '/tmp/.X11-unix/X2'), ('SHELL', '/bin/bash'), ('VSCODE_GIT_ASKPASS_EXTRA_ARGS', ''), ('PWD', '/home/docker/rpizero2w_ubuntu_dev/workspace/src/build/mpu6050'), ('LC_ALL', 'en_US.UTF-8'), ('XDG_DATA_DIRS', '/usr/local/share:/usr/share:/var/lib/snapd/desktop'), ('PYTHONPATH', '/opt/ros/humble/lib/python3.10/site-packages:/opt/ros/humble/local/lib/python3.10/dist-packages'), ('COLCON', '1'), ('CMAKE_PREFIX_PATH', '/home/docker/rpizero2w_ubuntu_dev/workspace/src/install/mpu6050:/home/docker/rpizero2w_ubuntu_dev/workspace/src/install/cpp_pubsub:/opt/ros/humble')]), 'shell': False}
[2.297692] (mpu6050) StdoutLine: {'line': b'-- Install configuration: ""\n'}
[2.297824] (mpu6050) StdoutLine: {'line': b'-- Installing: /home/docker/rpizero2w_ubuntu_dev/workspace/src/install/mpu6050/lib/mpu6050/mpu_6050_pub\n'}
[2.298442] (mpu6050) StdoutLine: {'line': b'-- Set runtime path of "/home/docker/rpizero2w_ubuntu_dev/workspace/src/install/mpu6050/lib/mpu6050/mpu_6050_pub" to ""\n'}
[2.298571] (mpu6050) StdoutLine: {'line': b'-- Up-to-date: /home/docker/rpizero2w_ubuntu_dev/workspace/src/install/mpu6050/share/ament_index/resource_index/package_run_dependencies/mpu6050\n'}
[2.298637] (mpu6050) StdoutLine: {'line': b'-- Up-to-date: /home/docker/rpizero2w_ubuntu_dev/workspace/src/install/mpu6050/share/ament_index/resource_index/parent_prefix_path/mpu6050\n'}
[2.298697] (mpu6050) StdoutLine: {'line': b'-- Up-to-date: /home/docker/rpizero2w_ubuntu_dev/workspace/src/install/mpu6050/share/mpu6050/environment/ament_prefix_path.sh\n'}
[2.298848] (mpu6050) StdoutLine: {'line': b'-- Up-to-date: /home/docker/rpizero2w_ubuntu_dev/workspace/src/install/mpu6050/share/mpu6050/environment/ament_prefix_path.dsv\n'}
[2.298915] (mpu6050) StdoutLine: {'line': b'-- Up-to-date: /home/docker/rpizero2w_ubuntu_dev/workspace/src/install/mpu6050/share/mpu6050/environment/path.sh\n'}
[2.299071] (mpu6050) StdoutLine: {'line': b'-- Up-to-date: /home/docker/rpizero2w_ubuntu_dev/workspace/src/install/mpu6050/share/mpu6050/environment/path.dsv\n'}
[2.299299] (mpu6050) StdoutLine: {'line': b'-- Up-to-date: /home/docker/rpizero2w_ubuntu_dev/workspace/src/install/mpu6050/share/mpu6050/local_setup.bash\n'}
[2.299504] (mpu6050) StdoutLine: {'line': b'-- Up-to-date: /home/docker/rpizero2w_ubuntu_dev/workspace/src/install/mpu6050/share/mpu6050/local_setup.sh\n'}
[2.299656] (mpu6050) StdoutLine: {'line': b'-- Up-to-date: /home/docker/rpizero2w_ubuntu_dev/workspace/src/install/mpu6050/share/mpu6050/local_setup.zsh\n'}
[2.299979] (mpu6050) StdoutLine: {'line': b'-- Up-to-date: /home/docker/rpizero2w_ubuntu_dev/workspace/src/install/mpu6050/share/mpu6050/local_setup.dsv\n'}
[2.300231] (mpu6050) StdoutLine: {'line': b'-- Up-to-date: /home/docker/rpizero2w_ubuntu_dev/workspace/src/install/mpu6050/share/mpu6050/package.dsv\n'}
[2.300409] (mpu6050) StdoutLine: {'line': b'-- Up-to-date: /home/docker/rpizero2w_ubuntu_dev/workspace/src/install/mpu6050/share/ament_index/resource_index/packages/mpu6050\n'}
[2.300499] (mpu6050) StdoutLine: {'line': b'-- Up-to-date: /home/docker/rpizero2w_ubuntu_dev/workspace/src/install/mpu6050/share/mpu6050/cmake/mpu6050Config.cmake\n'}
[2.300667] (mpu6050) StdoutLine: {'line': b'-- Up-to-date: /home/docker/rpizero2w_ubuntu_dev/workspace/src/install/mpu6050/share/mpu6050/cmake/mpu6050Config-version.cmake\n'}
[2.300752] (mpu6050) StdoutLine: {'line': b'-- Up-to-date: /home/docker/rpizero2w_ubuntu_dev/workspace/src/install/mpu6050/share/mpu6050/package.xml\n'}
[2.300882] (mpu6050) CommandEnded: {'returncode': 0}
[2.307022] (-) TimerEvent: {}
[2.361932] (mpu6050) JobEnded: {'identifier': 'mpu6050', 'rc': 0}
[2.362324] (-) EventReactorShutdown: {}
