-- Found ament_cmake: 1.3.6 (/opt/ros/humble/share/ament_cmake/cmake)
-- Found ament_lint_auto: 0.12.9 (/opt/ros/humble/share/ament_lint_auto/cmake)
-- Added test 'cppcheck' to perform static code analysis on C / C++ code
-- Configured cppcheck include dirs: $<BUILD_INTERFACE:/home/rpizero2w_ubuntu_clone/workspace/src/mpu6050/include>
-- Configured cppcheck exclude dirs and/or files: 
-- Added test 'lint_cmake' to check CMake code style
-- Added test 'uncrustify' to check C / C++ code style
-- Configured uncrustify additional arguments: 
-- Added test 'xmllint' to check XML markup files
-- Configuring done
-- Generating done
-- Build files have been written to: /home/rpizero2w_ubuntu_clone/workspace/src/build/mpu6050
[35m[1mConsolidate compiler generated dependencies of target mpu6050_pub[0m
[ 33%] [32m[1mLinking CXX executable mpu6050_pub[0m
[100%] Built target mpu6050_pub
-- Install configuration: ""
-- Installing: /home/rpizero2w_ubuntu_clone/workspace/src/install/mpu6050/lib/mpu6050/mpu6050_pub
-- Installing: /home/rpizero2w_ubuntu_clone/workspace/src/install/mpu6050/share/ament_index/resource_index/package_run_dependencies/mpu6050
-- Installing: /home/rpizero2w_ubuntu_clone/workspace/src/install/mpu6050/share/ament_index/resource_index/parent_prefix_path/mpu6050
-- Installing: /home/rpizero2w_ubuntu_clone/workspace/src/install/mpu6050/share/mpu6050/environment/ament_prefix_path.sh
-- Installing: /home/rpizero2w_ubuntu_clone/workspace/src/install/mpu6050/share/mpu6050/environment/ament_prefix_path.dsv
-- Installing: /home/rpizero2w_ubuntu_clone/workspace/src/install/mpu6050/share/mpu6050/environment/path.sh
-- Installing: /home/rpizero2w_ubuntu_clone/workspace/src/install/mpu6050/share/mpu6050/environment/path.dsv
-- Installing: /home/rpizero2w_ubuntu_clone/workspace/src/install/mpu6050/share/mpu6050/local_setup.bash
-- Installing: /home/rpizero2w_ubuntu_clone/workspace/src/install/mpu6050/share/mpu6050/local_setup.sh
-- Installing: /home/rpizero2w_ubuntu_clone/workspace/src/install/mpu6050/share/mpu6050/local_setup.zsh
-- Installing: /home/rpizero2w_ubuntu_clone/workspace/src/install/mpu6050/share/mpu6050/local_setup.dsv
-- Installing: /home/rpizero2w_ubuntu_clone/workspace/src/install/mpu6050/share/mpu6050/package.dsv
-- Installing: /home/rpizero2w_ubuntu_clone/workspace/src/install/mpu6050/share/ament_index/resource_index/packages/mpu6050
-- Installing: /home/rpizero2w_ubuntu_clone/workspace/src/install/mpu6050/share/mpu6050/cmake/mpu6050Config.cmake
-- Installing: /home/rpizero2w_ubuntu_clone/workspace/src/install/mpu6050/share/mpu6050/cmake/mpu6050Config-version.cmake
-- Installing: /home/rpizero2w_ubuntu_clone/workspace/src/install/mpu6050/share/mpu6050/package.xml
