[0.019s] Invoking command in '/home/rpizero2w_ubuntu_clone/workspace/src/build/mpu6050': CMAKE_PREFIX_PATH=/opt/ros/humble /usr/bin/cmake --build /home/rpizero2w_ubuntu_clone/workspace/src/build/mpu6050 -- -j20 -l20
[0.031s] -- Found ament_cmake: 1.3.6 (/opt/ros/humble/share/ament_cmake/cmake)
[0.109s] -- Found ament_lint_auto: 0.12.9 (/opt/ros/humble/share/ament_lint_auto/cmake)
[0.146s] -- Added test 'cppcheck' to perform static code analysis on C / C++ code
[0.146s] -- Configured cppcheck include dirs: $<BUILD_INTERFACE:/home/rpizero2w_ubuntu_clone/workspace/src/mpu6050/include>
[0.146s] -- Configured cppcheck exclude dirs and/or files: 
[0.146s] -- Added test 'lint_cmake' to check CMake code style
[0.146s] -- Added test 'uncrustify' to check C / C++ code style
[0.146s] -- Configured uncrustify additional arguments: 
[0.147s] -- Added test 'xmllint' to check XML markup files
[0.147s] -- Configuring done
[0.149s] -- Generating done
[0.149s] -- Build files have been written to: /home/rpizero2w_ubuntu_clone/workspace/src/build/mpu6050
[0.161s] [35m[1mConsolidate compiler generated dependencies of target mpu6050_pub[0m
[0.168s] [ 33%] [32m[1mLinking CXX executable mpu6050_pub[0m
[0.209s] [100%] Built target mpu6050_pub
[0.216s] Invoked command in '/home/rpizero2w_ubuntu_clone/workspace/src/build/mpu6050' returned '0': CMAKE_PREFIX_PATH=/opt/ros/humble /usr/bin/cmake --build /home/rpizero2w_ubuntu_clone/workspace/src/build/mpu6050 -- -j20 -l20
[0.233s] Invoking command in '/home/rpizero2w_ubuntu_clone/workspace/src/build/mpu6050': CMAKE_PREFIX_PATH=/opt/ros/humble /usr/bin/cmake --install /home/rpizero2w_ubuntu_clone/workspace/src/build/mpu6050
[0.237s] -- Install configuration: ""
[0.237s] -- Installing: /home/rpizero2w_ubuntu_clone/workspace/src/install/mpu6050/lib/mpu6050/mpu6050_pub
[0.237s] -- Installing: /home/rpizero2w_ubuntu_clone/workspace/src/install/mpu6050/share/ament_index/resource_index/package_run_dependencies/mpu6050
[0.237s] -- Installing: /home/rpizero2w_ubuntu_clone/workspace/src/install/mpu6050/share/ament_index/resource_index/parent_prefix_path/mpu6050
[0.237s] -- Installing: /home/rpizero2w_ubuntu_clone/workspace/src/install/mpu6050/share/mpu6050/environment/ament_prefix_path.sh
[0.237s] -- Installing: /home/rpizero2w_ubuntu_clone/workspace/src/install/mpu6050/share/mpu6050/environment/ament_prefix_path.dsv
[0.237s] -- Installing: /home/rpizero2w_ubuntu_clone/workspace/src/install/mpu6050/share/mpu6050/environment/path.sh
[0.237s] -- Installing: /home/rpizero2w_ubuntu_clone/workspace/src/install/mpu6050/share/mpu6050/environment/path.dsv
[0.237s] -- Installing: /home/rpizero2w_ubuntu_clone/workspace/src/install/mpu6050/share/mpu6050/local_setup.bash
[0.237s] -- Installing: /home/rpizero2w_ubuntu_clone/workspace/src/install/mpu6050/share/mpu6050/local_setup.sh
[0.237s] -- Installing: /home/rpizero2w_ubuntu_clone/workspace/src/install/mpu6050/share/mpu6050/local_setup.zsh
[0.237s] -- Installing: /home/rpizero2w_ubuntu_clone/workspace/src/install/mpu6050/share/mpu6050/local_setup.dsv
[0.237s] -- Installing: /home/rpizero2w_ubuntu_clone/workspace/src/install/mpu6050/share/mpu6050/package.dsv
[0.237s] -- Installing: /home/rpizero2w_ubuntu_clone/workspace/src/install/mpu6050/share/ament_index/resource_index/packages/mpu6050
[0.237s] -- Installing: /home/rpizero2w_ubuntu_clone/workspace/src/install/mpu6050/share/mpu6050/cmake/mpu6050Config.cmake
[0.237s] -- Installing: /home/rpizero2w_ubuntu_clone/workspace/src/install/mpu6050/share/mpu6050/cmake/mpu6050Config-version.cmake
[0.237s] -- Installing: /home/rpizero2w_ubuntu_clone/workspace/src/install/mpu6050/share/mpu6050/package.xml
[0.239s] Invoked command in '/home/rpizero2w_ubuntu_clone/workspace/src/build/mpu6050' returned '0': CMAKE_PREFIX_PATH=/opt/ros/humble /usr/bin/cmake --install /home/rpizero2w_ubuntu_clone/workspace/src/build/mpu6050
