[0.021s] Invoking command in '/home/docker/rpizero2w_ubuntu_dev/workspace/src/build/cpp_pubsub': CMAKE_PREFIX_PATH=/opt/ros/humble /usr/bin/cmake /home/docker/rpizero2w_ubuntu_dev/workspace/src/cpp_pubsub -DCMAKE_INSTALL_PREFIX=/home/docker/rpizero2w_ubuntu_dev/workspace/src/install/cpp_pubsub
[0.050s] -- The C compiler identification is GNU 11.4.0
[0.080s] -- The CXX compiler identification is GNU 11.4.0
[0.084s] -- Detecting C compiler ABI info
[0.120s] -- Detecting C compiler ABI info - done
[0.124s] -- Check for working C compiler: /usr/bin/cc - skipped
[0.124s] -- Detecting C compile features
[0.124s] -- Detecting C compile features - done
[0.126s] -- Detecting CXX compiler ABI info
[0.168s] -- Detecting CXX compiler ABI info - done
[0.172s] -- Check for working CXX compiler: /usr/bin/c++ - skipped
[0.172s] -- Detecting CXX compile features
[0.172s] -- Detecting CXX compile features - done
[0.173s] -- Found ament_cmake: 1.3.6 (/opt/ros/humble/share/ament_cmake/cmake)
[0.265s] -- Found Python3: /usr/bin/python3.10 (found version "3.10.12") found components: Interpreter 
[0.318s] -- Found rclcpp: 16.0.7 (/opt/ros/humble/share/rclcpp/cmake)
[0.348s] -- Found rosidl_generator_c: 3.1.5 (/opt/ros/humble/share/rosidl_generator_c/cmake)
[0.354s] -- Found rosidl_adapter: 3.1.5 (/opt/ros/humble/share/rosidl_adapter/cmake)
[0.361s] -- Found rosidl_generator_cpp: 3.1.5 (/opt/ros/humble/share/rosidl_generator_cpp/cmake)
[0.375s] -- Using all available rosidl_typesupport_c: rosidl_typesupport_fastrtps_c;rosidl_typesupport_introspection_c
[0.389s] -- Using all available rosidl_typesupport_cpp: rosidl_typesupport_fastrtps_cpp;rosidl_typesupport_introspection_cpp
[0.438s] -- Found rmw_implementation_cmake: 6.1.1 (/opt/ros/humble/share/rmw_implementation_cmake/cmake)
[0.440s] -- Found rmw_fastrtps_cpp: 6.2.5 (/opt/ros/humble/share/rmw_fastrtps_cpp/cmake)
[0.501s] -- Found OpenSSL: /usr/lib/x86_64-linux-gnu/libcrypto.so (found version "3.0.2")  
[0.516s] -- Found FastRTPS: /opt/ros/humble/include  
[0.538s] -- Using RMW implementation 'rmw_fastrtps_cpp' as default
[0.545s] -- Looking for pthread.h
[0.585s] -- Looking for pthread.h - found
[0.585s] -- Performing Test CMAKE_HAVE_LIBC_PTHREAD
[0.625s] -- Performing Test CMAKE_HAVE_LIBC_PTHREAD - Success
[0.625s] -- Found Threads: TRUE  
[0.723s] -- Found ament_lint_auto: 0.12.9 (/opt/ros/humble/share/ament_lint_auto/cmake)
[0.768s] -- Added test 'cppcheck' to perform static code analysis on C / C++ code
[0.768s] -- Configured cppcheck include dirs: 
[0.768s] -- Configured cppcheck exclude dirs and/or files: 
[0.768s] -- Added test 'lint_cmake' to check CMake code style
[0.769s] -- Added test 'uncrustify' to check C / C++ code style
[0.769s] -- Configured uncrustify additional arguments: 
[0.769s] -- Added test 'xmllint' to check XML markup files
[0.770s] -- Configuring done
[0.775s] -- Generating done
[0.776s] -- Build files have been written to: /home/docker/rpizero2w_ubuntu_dev/workspace/src/build/cpp_pubsub
[0.781s] Invoked command in '/home/docker/rpizero2w_ubuntu_dev/workspace/src/build/cpp_pubsub' returned '0': CMAKE_PREFIX_PATH=/opt/ros/humble /usr/bin/cmake /home/docker/rpizero2w_ubuntu_dev/workspace/src/cpp_pubsub -DCMAKE_INSTALL_PREFIX=/home/docker/rpizero2w_ubuntu_dev/workspace/src/install/cpp_pubsub
[0.782s] Invoking command in '/home/docker/rpizero2w_ubuntu_dev/workspace/src/build/cpp_pubsub': CMAKE_PREFIX_PATH=/opt/ros/humble /usr/bin/cmake --build /home/docker/rpizero2w_ubuntu_dev/workspace/src/build/cpp_pubsub -- -j20 -l20
[0.806s] [ 50%] [32mBuilding CXX object CMakeFiles/talker.dir/src/publisher_member_function.cpp.o[0m
[3.127s] [100%] [32m[1mLinking CXX executable talker[0m
[3.242s] [100%] Built target talker
[3.249s] Invoked command in '/home/docker/rpizero2w_ubuntu_dev/workspace/src/build/cpp_pubsub' returned '0': CMAKE_PREFIX_PATH=/opt/ros/humble /usr/bin/cmake --build /home/docker/rpizero2w_ubuntu_dev/workspace/src/build/cpp_pubsub -- -j20 -l20
[3.266s] Invoking command in '/home/docker/rpizero2w_ubuntu_dev/workspace/src/build/cpp_pubsub': CMAKE_PREFIX_PATH=/opt/ros/humble /usr/bin/cmake --install /home/docker/rpizero2w_ubuntu_dev/workspace/src/build/cpp_pubsub
[3.270s] -- Install configuration: ""
[3.270s] -- Installing: /home/docker/rpizero2w_ubuntu_dev/workspace/src/install/cpp_pubsub/lib/cpp_pubsub/talker
[3.271s] -- Set runtime path of "/home/docker/rpizero2w_ubuntu_dev/workspace/src/install/cpp_pubsub/lib/cpp_pubsub/talker" to ""
[3.271s] -- Installing: /home/docker/rpizero2w_ubuntu_dev/workspace/src/install/cpp_pubsub/share/ament_index/resource_index/package_run_dependencies/cpp_pubsub
[3.271s] -- Installing: /home/docker/rpizero2w_ubuntu_dev/workspace/src/install/cpp_pubsub/share/ament_index/resource_index/parent_prefix_path/cpp_pubsub
[3.271s] -- Installing: /home/docker/rpizero2w_ubuntu_dev/workspace/src/install/cpp_pubsub/share/cpp_pubsub/environment/ament_prefix_path.sh
[3.271s] -- Installing: /home/docker/rpizero2w_ubuntu_dev/workspace/src/install/cpp_pubsub/share/cpp_pubsub/environment/ament_prefix_path.dsv
[3.271s] -- Installing: /home/docker/rpizero2w_ubuntu_dev/workspace/src/install/cpp_pubsub/share/cpp_pubsub/environment/path.sh
[3.271s] -- Installing: /home/docker/rpizero2w_ubuntu_dev/workspace/src/install/cpp_pubsub/share/cpp_pubsub/environment/path.dsv
[3.271s] -- Installing: /home/docker/rpizero2w_ubuntu_dev/workspace/src/install/cpp_pubsub/share/cpp_pubsub/local_setup.bash
[3.271s] -- Installing: /home/docker/rpizero2w_ubuntu_dev/workspace/src/install/cpp_pubsub/share/cpp_pubsub/local_setup.sh
[3.271s] -- Installing: /home/docker/rpizero2w_ubuntu_dev/workspace/src/install/cpp_pubsub/share/cpp_pubsub/local_setup.zsh
[3.271s] -- Installing: /home/docker/rpizero2w_ubuntu_dev/workspace/src/install/cpp_pubsub/share/cpp_pubsub/local_setup.dsv
[3.272s] -- Installing: /home/docker/rpizero2w_ubuntu_dev/workspace/src/install/cpp_pubsub/share/cpp_pubsub/package.dsv
[3.272s] -- Installing: /home/docker/rpizero2w_ubuntu_dev/workspace/src/install/cpp_pubsub/share/ament_index/resource_index/packages/cpp_pubsub
[3.272s] -- Installing: /home/docker/rpizero2w_ubuntu_dev/workspace/src/install/cpp_pubsub/share/cpp_pubsub/cmake/cpp_pubsubConfig.cmake
[3.272s] -- Installing: /home/docker/rpizero2w_ubuntu_dev/workspace/src/install/cpp_pubsub/share/cpp_pubsub/cmake/cpp_pubsubConfig-version.cmake
[3.272s] -- Installing: /home/docker/rpizero2w_ubuntu_dev/workspace/src/install/cpp_pubsub/share/cpp_pubsub/package.xml
[3.273s] Invoked command in '/home/docker/rpizero2w_ubuntu_dev/workspace/src/build/cpp_pubsub' returned '0': CMAKE_PREFIX_PATH=/opt/ros/humble /usr/bin/cmake --install /home/docker/rpizero2w_ubuntu_dev/workspace/src/build/cpp_pubsub
