[0.000000] (-) TimerEvent: {}
[0.000083] (-) JobUnselected: {'identifier': 'cpp_pubsub'}
[0.000116] (mpu6050) JobQueued: {'identifier': 'mpu6050', 'dependencies': OrderedDict()}
[0.000129] (mpu6050) JobStarted: {'identifier': 'mpu6050'}
[0.023061] (mpu6050) JobProgress: {'identifier': 'mpu6050', 'progress': 'cmake'}
[0.023139] (mpu6050) Command: {'cmd': ['/usr/bin/cmake', '/home/docker/rpizero2w_ubuntu_dev/workspace/src/mpu6050', '-DCMAKE_INSTALL_PREFIX=/home/docker/rpizero2w_ubuntu_dev/workspace/src/install/mpu6050'], 'cwd': '/home/docker/rpizero2w_ubuntu_dev/workspace/src/build/mpu6050', 'env': OrderedDict([('HOSTNAME', 'phoenix'), ('GIT_ASKPASS', '/home/docker/.vscode-server/bin/0ee08df0cf4527e40edc9aa28f4b5bd38bbff2b2/extensions/git/dist/askpass.sh'), ('SHLVL', '2'), ('LD_LIBRARY_PATH', '/opt/ros/humble/lib/x86_64-linux-gnu:/opt/ros/humble/lib'), ('BROWSER', '/home/docker/.vscode-server/bin/0ee08df0cf4527e40edc9aa28f4b5bd38bbff2b2/bin/helpers/browser.sh'), ('HOME', '/home/docker'), ('OLDPWD', '/home/docker/rpizero2w_ubuntu_dev/workspace'), ('TERM_PROGRAM_VERSION', '1.85.1'), ('VSCODE_IPC_HOOK_CLI', '/tmp/vscode-ipc-521b6d25-02ae-4cfd-a9a1-5d0de76a0501.sock'), ('ROS_PYTHON_VERSION', '3'), ('VSCODE_GIT_ASKPASS_MAIN', '/home/docker/.vscode-server/bin/0ee08df0cf4527e40edc9aa28f4b5bd38bbff2b2/extensions/git/dist/askpass-main.js'), ('VSCODE_GIT_ASKPASS_NODE', '/home/docker/.vscode-server/bin/0ee08df0cf4527e40edc9aa28f4b5bd38bbff2b2/node'), ('COLORTERM', 'truecolor'), ('REMOTE_CONTAINERS', 'true'), ('COLCON_PREFIX_PATH', '/home/docker/rpizero2w_ubuntu_dev/workspace/src/install'), ('ROS_DISTRO', 'humble'), ('REMOTE_CONTAINERS_IPC', '/tmp/vscode-remote-containers-ipc-9144bcc4-66d7-4a9e-93b7-46b092b6e30f.sock'), ('_', '/usr/bin/colcon'), ('ROS_VERSION', '2'), ('TERM', 'xterm-256color'), ('DEBUG_COLORS', 'true'), ('ROS_LOCALHOST_ONLY', '0'), ('PATH', '/opt/ros/humble/bin:/home/docker/.vscode-server/bin/0ee08df0cf4527e40edc9aa28f4b5bd38bbff2b2/bin/remote-cli:/usr/local/sbin:/usr/local/bin:/usr/sbin:/usr/bin:/sbin:/bin:/snap/bin'), ('REMOTE_CONTAINERS_SOCKETS', '["/tmp/vscode-ssh-auth-9144bcc4-66d7-4a9e-93b7-46b092b6e30f.sock","/tmp/.X11-unix/X2","/home/docker/.gnupg/S.gpg-agent"]'), ('DISPLAY', ':1'), ('LANG', 'en_US.UTF-8'), ('VSCODE_GIT_IPC_HANDLE', '/tmp/vscode-git-5a0ba3ea8a.sock'), ('TERM_PROGRAM', 'vscode'), ('SSH_AUTH_SOCK', '/tmp/vscode-ssh-auth-9144bcc4-66d7-4a9e-93b7-46b092b6e30f.sock'), ('AMENT_PREFIX_PATH', '/home/docker/rpizero2w_ubuntu_dev/workspace/src/install/cpp_pubsub:/opt/ros/humble'), ('DEBIAN_FRONTEND', 'noninteractive'), ('REMOTE_CONTAINERS_DISPLAY_SOCK', '/tmp/.X11-unix/X2'), ('SHELL', '/bin/bash'), ('VSCODE_GIT_ASKPASS_EXTRA_ARGS', ''), ('PWD', '/home/docker/rpizero2w_ubuntu_dev/workspace/src/build/mpu6050'), ('LC_ALL', 'en_US.UTF-8'), ('XDG_DATA_DIRS', '/usr/local/share:/usr/share:/var/lib/snapd/desktop'), ('PYTHONPATH', '/opt/ros/humble/lib/python3.10/site-packages:/opt/ros/humble/local/lib/python3.10/dist-packages'), ('COLCON', '1'), ('CMAKE_PREFIX_PATH', '/home/docker/rpizero2w_ubuntu_dev/workspace/src/install/cpp_pubsub:/opt/ros/humble')]), 'shell': False}
[0.054299] (mpu6050) StdoutLine: {'line': b'-- The C compiler identification is GNU 11.4.0\n'}
[0.083894] (mpu6050) StdoutLine: {'line': b'-- The CXX compiler identification is GNU 11.4.0\n'}
[0.087758] (mpu6050) StdoutLine: {'line': b'-- Detecting C compiler ABI info\n'}
[0.099524] (-) TimerEvent: {}
[0.124677] (mpu6050) StdoutLine: {'line': b'-- Detecting C compiler ABI info - done\n'}
[0.128664] (mpu6050) StdoutLine: {'line': b'-- Check for working C compiler: /usr/bin/cc - skipped\n'}
[0.128735] (mpu6050) StdoutLine: {'line': b'-- Detecting C compile features\n'}
[0.128839] (mpu6050) StdoutLine: {'line': b'-- Detecting C compile features - done\n'}
[0.130903] (mpu6050) StdoutLine: {'line': b'-- Detecting CXX compiler ABI info\n'}
[0.172666] (mpu6050) StdoutLine: {'line': b'-- Detecting CXX compiler ABI info - done\n'}
[0.176748] (mpu6050) StdoutLine: {'line': b'-- Check for working CXX compiler: /usr/bin/c++ - skipped\n'}
[0.176892] (mpu6050) StdoutLine: {'line': b'-- Detecting CXX compile features\n'}
[0.176988] (mpu6050) StdoutLine: {'line': b'-- Detecting CXX compile features - done\n'}
[0.178347] (mpu6050) StdoutLine: {'line': b'-- Found ament_cmake: 1.3.6 (/opt/ros/humble/share/ament_cmake/cmake)\n'}
[0.199733] (-) TimerEvent: {}
[0.274143] (mpu6050) StdoutLine: {'line': b'-- Found Python3: /usr/bin/python3.10 (found version "3.10.12") found components: Interpreter \n'}
[0.299950] (-) TimerEvent: {}
[0.321319] (mpu6050) StdoutLine: {'line': b'-- Found rclcpp: 16.0.7 (/opt/ros/humble/share/rclcpp/cmake)\n'}
[0.342209] (mpu6050) StdoutLine: {'line': b'-- Found rosidl_generator_c: 3.1.5 (/opt/ros/humble/share/rosidl_generator_c/cmake)\n'}
[0.344620] (mpu6050) StdoutLine: {'line': b'-- Found rosidl_adapter: 3.1.5 (/opt/ros/humble/share/rosidl_adapter/cmake)\n'}
[0.349489] (mpu6050) StdoutLine: {'line': b'-- Found rosidl_generator_cpp: 3.1.5 (/opt/ros/humble/share/rosidl_generator_cpp/cmake)\n'}
[0.357403] (mpu6050) StdoutLine: {'line': b'-- Using all available rosidl_typesupport_c: rosidl_typesupport_fastrtps_c;rosidl_typesupport_introspection_c\n'}
[0.368603] (mpu6050) StdoutLine: {'line': b'-- Using all available rosidl_typesupport_cpp: rosidl_typesupport_fastrtps_cpp;rosidl_typesupport_introspection_cpp\n'}
[0.400122] (-) TimerEvent: {}
[0.409311] (mpu6050) StdoutLine: {'line': b'-- Found rmw_implementation_cmake: 6.1.1 (/opt/ros/humble/share/rmw_implementation_cmake/cmake)\n'}
[0.410687] (mpu6050) StdoutLine: {'line': b'-- Found rmw_fastrtps_cpp: 6.2.5 (/opt/ros/humble/share/rmw_fastrtps_cpp/cmake)\n'}
[0.460289] (mpu6050) StdoutLine: {'line': b'-- Found OpenSSL: /usr/lib/x86_64-linux-gnu/libcrypto.so (found version "3.0.2")  \n'}
[0.471947] (mpu6050) StdoutLine: {'line': b'-- Found FastRTPS: /opt/ros/humble/include  \n'}
[0.495902] (mpu6050) StdoutLine: {'line': b"-- Using RMW implementation 'rmw_fastrtps_cpp' as default\n"}
[0.500303] (-) TimerEvent: {}
[0.501352] (mpu6050) StdoutLine: {'line': b'-- Looking for pthread.h\n'}
[0.542920] (mpu6050) StdoutLine: {'line': b'-- Looking for pthread.h - found\n'}
[0.543184] (mpu6050) StdoutLine: {'line': b'-- Performing Test CMAKE_HAVE_LIBC_PTHREAD\n'}
[0.585099] (mpu6050) StdoutLine: {'line': b'-- Performing Test CMAKE_HAVE_LIBC_PTHREAD - Success\n'}
[0.585913] (mpu6050) StdoutLine: {'line': b'-- Found Threads: TRUE  \n'}
[0.600443] (-) TimerEvent: {}
[0.687836] (mpu6050) StdoutLine: {'line': b'-- Found geometry_msgs: 4.2.3 (/opt/ros/humble/share/geometry_msgs/cmake)\n'}
[0.700540] (-) TimerEvent: {}
[0.716270] (mpu6050) StdoutLine: {'line': b'-- Found tf2: 0.25.5 (/opt/ros/humble/share/tf2/cmake)\n'}
[0.724785] (mpu6050) StdoutLine: {'line': b'-- Found tf2_ros: 0.25.5 (/opt/ros/humble/share/tf2_ros/cmake)\n'}
[0.800636] (-) TimerEvent: {}
[0.901029] (-) TimerEvent: {}
[0.945117] (mpu6050) StdoutLine: {'line': b'-- Found ament_lint_auto: 0.12.9 (/opt/ros/humble/share/ament_lint_auto/cmake)\n'}
[0.980685] (mpu6050) StderrLine: {'line': b'\x1b[31mCMake Error at /opt/ros/humble/share/ament_cmake_core/cmake/core/ament_package_xml.cmake:53 (message):\n'}
[0.980956] (mpu6050) StderrLine: {'line': b"  ament_package_xml() package name 'mpu6050' in '/package.xml' does not match\n"}
[0.981030] (mpu6050) StderrLine: {'line': b"  current PROJECT_NAME 'cpp_pubsub'.  You must call project() with the same\n"}
[0.981096] (mpu6050) StderrLine: {'line': b'  package name before.\n'}
[0.981159] (mpu6050) StderrLine: {'line': b'Call Stack (most recent call first):\n'}
[0.981219] (mpu6050) StderrLine: {'line': b'  /opt/ros/humble/share/ament_lint_auto/cmake/ament_lint_auto_find_test_dependencies.cmake:31 (ament_package_xml)\n'}
[0.981288] (mpu6050) StderrLine: {'line': b'  CMakeLists.txt:35 (ament_lint_auto_find_test_dependencies)\n'}
[0.981351] (mpu6050) StderrLine: {'line': b'\n'}
[0.981411] (mpu6050) StderrLine: {'line': b'\x1b[0m\n'}
[0.981472] (mpu6050) StdoutLine: {'line': b'-- Configuring incomplete, errors occurred!\n'}
[0.981539] (mpu6050) StdoutLine: {'line': b'See also "/home/docker/rpizero2w_ubuntu_dev/workspace/src/build/mpu6050/CMakeFiles/CMakeOutput.log".\n'}
[0.986426] (mpu6050) CommandEnded: {'returncode': 1}
[1.001511] (-) TimerEvent: {}
[1.007271] (mpu6050) JobEnded: {'identifier': 'mpu6050', 'rc': 1}
[1.017721] (-) EventReactorShutdown: {}
