[0.025s] Invoking command in '/home/docker/rpizero2w_ubuntu_dev/workspace/src/build/mpu6050': CMAKE_PREFIX_PATH=${CMAKE_PREFIX_PATH}:/opt/ros/humble /usr/bin/cmake /home/docker/rpizero2w_ubuntu_dev/workspace/src/mpu6050 -DCMAKE_INSTALL_PREFIX=/home/docker/rpizero2w_ubuntu_dev/workspace/src/install/mpu6050
[0.032s] -- Found ament_cmake: 1.3.6 (/opt/ros/humble/share/ament_cmake/cmake)
[0.110s] -- Found rclcpp: 16.0.7 (/opt/ros/humble/share/rclcpp/cmake)
[0.125s] -- Found rosidl_generator_c: 3.1.5 (/opt/ros/humble/share/rosidl_generator_c/cmake)
[0.126s] -- Found rosidl_adapter: 3.1.5 (/opt/ros/humble/share/rosidl_adapter/cmake)
[0.130s] -- Found rosidl_generator_cpp: 3.1.5 (/opt/ros/humble/share/rosidl_generator_cpp/cmake)
[0.136s] -- Using all available rosidl_typesupport_c: rosidl_typesupport_fastrtps_c;rosidl_typesupport_introspection_c
[0.144s] -- Using all available rosidl_typesupport_cpp: rosidl_typesupport_fastrtps_cpp;rosidl_typesupport_introspection_cpp
[0.178s] -- Found rmw_implementation_cmake: 6.1.1 (/opt/ros/humble/share/rmw_implementation_cmake/cmake)
[0.178s] -- Found rmw_fastrtps_cpp: 6.2.5 (/opt/ros/humble/share/rmw_fastrtps_cpp/cmake)
[0.234s] -- Using RMW implementation 'rmw_fastrtps_cpp' as default
[0.323s] -- Found geometry_msgs: 4.2.3 (/opt/ros/humble/share/geometry_msgs/cmake)
[0.348s] -- Found tf2: 0.25.5 (/opt/ros/humble/share/tf2/cmake)
[0.353s] -- Found tf2_ros: 0.25.5 (/opt/ros/humble/share/tf2_ros/cmake)
[0.544s] -- Found ament_lint_auto: 0.12.9 (/opt/ros/humble/share/ament_lint_auto/cmake)
[0.588s] -- Added test 'cppcheck' to perform static code analysis on C / C++ code
[0.588s] -- Configured cppcheck include dirs: 
[0.588s] -- Configured cppcheck exclude dirs and/or files: 
[0.588s] -- Added test 'lint_cmake' to check CMake code style
[0.588s] -- Added test 'uncrustify' to check C / C++ code style
[0.589s] -- Configured uncrustify additional arguments: 
[0.589s] -- Added test 'xmllint' to check XML markup files
[0.589s] -- Configuring done
[0.595s] -- Generating done
[0.596s] -- Build files have been written to: /home/docker/rpizero2w_ubuntu_dev/workspace/src/build/mpu6050
[0.601s] Invoked command in '/home/docker/rpizero2w_ubuntu_dev/workspace/src/build/mpu6050' returned '0': CMAKE_PREFIX_PATH=${CMAKE_PREFIX_PATH}:/opt/ros/humble /usr/bin/cmake /home/docker/rpizero2w_ubuntu_dev/workspace/src/mpu6050 -DCMAKE_INSTALL_PREFIX=/home/docker/rpizero2w_ubuntu_dev/workspace/src/install/mpu6050
[0.601s] Invoking command in '/home/docker/rpizero2w_ubuntu_dev/workspace/src/build/mpu6050': CMAKE_PREFIX_PATH=${CMAKE_PREFIX_PATH}:/opt/ros/humble /usr/bin/cmake --build /home/docker/rpizero2w_ubuntu_dev/workspace/src/build/mpu6050 -- -j20 -l20
[0.628s] [ 33%] [32mBuilding CXX object CMakeFiles/mpu_6050_pub.dir/src/mpu6050_pub.cpp.o[0m
[0.628s] [ 66%] [32mBuilding CXX object CMakeFiles/mpu_6050_pub.dir/src/MPU6050.cpp.o[0m
[0.633s] [01m[K/home/docker/rpizero2w_ubuntu_dev/workspace/src/mpu6050/src/mpu6050_pub.cpp:6:10:[m[K [01;31m[Kfatal error: [m[Kmpu6050/MPU6050.h: No such file or directory
[0.634s]     6 | #include [01;31m[K<mpu6050/MPU6050.h>[m[K
[0.634s]       |          [01;31m[K^~~~~~~~~~~~~~~~~~~[m[K
[0.634s] [01m[K/home/docker/rpizero2w_ubuntu_dev/workspace/src/mpu6050/src/MPU6050.cpp:6:10:[m[K [01;31m[Kfatal error: [m[Kmpu6050/MPU6050.h: No such file or directory
[0.634s]     6 | #include [01;31m[K"mpu6050/MPU6050.h"[m[K
[0.634s]       |          [01;31m[K^~~~~~~~~~~~~~~~~~~[m[K
[0.634s] compilation terminated.
[0.634s] compilation terminated.
[0.634s] gmake[2]: *** [CMakeFiles/mpu_6050_pub.dir/build.make:76: CMakeFiles/mpu_6050_pub.dir/src/mpu6050_pub.cpp.o] Error 1
[0.634s] gmake[2]: *** Waiting for unfinished jobs....
[0.634s] gmake[2]: *** [CMakeFiles/mpu_6050_pub.dir/build.make:90: CMakeFiles/mpu_6050_pub.dir/src/MPU6050.cpp.o] Error 1
[0.634s] gmake[1]: *** [CMakeFiles/Makefile2:137: CMakeFiles/mpu_6050_pub.dir/all] Error 2
[0.634s] gmake: *** [Makefile:146: all] Error 2
[0.636s] Invoked command in '/home/docker/rpizero2w_ubuntu_dev/workspace/src/build/mpu6050' returned '2': CMAKE_PREFIX_PATH=${CMAKE_PREFIX_PATH}:/opt/ros/humble /usr/bin/cmake --build /home/docker/rpizero2w_ubuntu_dev/workspace/src/build/mpu6050 -- -j20 -l20
